<?xml version="1.0" encoding="UTF-8"?>
<coverage generated="1666160116">
  <project timestamp="1666160116">
    <file name="/Applications/MAMP/htdocs/kiwitech/mbcbackend/app/Console/Commands/SubscriptionReminder.php">
      <class name="App\Console\Commands\SubscriptionReminder" namespace="global">
        <metrics complexity="2" methods="1" coveredmethods="0" conditionals="0" coveredconditionals="0" statements="3" coveredstatements="0" elements="4" coveredelements="0"/>
      </class>
      <line num="32" type="method" name="handle" visibility="public" complexity="2" crap="6" count="0"/>
      <line num="34" type="stmt" count="0"/>
      <line num="35" type="stmt" count="0"/>
      <line num="36" type="stmt" count="0"/>
      <metrics loc="40" ncloc="25" classes="1" methods="1" coveredmethods="0" conditionals="0" coveredconditionals="0" statements="3" coveredstatements="0" elements="4" coveredelements="0"/>
    </file>
    <file name="/Applications/MAMP/htdocs/kiwitech/mbcbackend/app/Console/Kernel.php">
      <class name="App\Console\Kernel" namespace="global">
        <metrics complexity="2" methods="2" coveredmethods="1" conditionals="0" coveredconditionals="0" statements="3" coveredstatements="2" elements="5" coveredelements="3"/>
      </class>
      <line num="25" type="method" name="schedule" visibility="protected" complexity="1" crap="2" count="0"/>
      <line num="27" type="stmt" count="0"/>
      <line num="35" type="method" name="commands" visibility="protected" complexity="1" crap="1" count="1"/>
      <line num="37" type="stmt" count="1"/>
      <line num="39" type="stmt" count="1"/>
      <metrics loc="42" ncloc="26" classes="1" methods="2" coveredmethods="1" conditionals="0" coveredconditionals="0" statements="3" coveredstatements="2" elements="5" coveredelements="3"/>
    </file>
    <file name="/Applications/MAMP/htdocs/kiwitech/mbcbackend/app/Constants/MobileVerificationType.php">
      <class name="App\Constants\MobileVerificationType" namespace="global">
        <metrics complexity="0" methods="0" coveredmethods="0" conditionals="0" coveredconditionals="0" statements="0" coveredstatements="0" elements="0" coveredelements="0"/>
      </class>
      <metrics loc="10" ncloc="10" classes="0" methods="0" coveredmethods="0" conditionals="0" coveredconditionals="0" statements="0" coveredstatements="0" elements="0" coveredelements="0"/>
    </file>
    <file name="/Applications/MAMP/htdocs/kiwitech/mbcbackend/app/Constants/NotificationType.php">
      <class name="App\Constants\NotificationType" namespace="global">
        <metrics complexity="0" methods="0" coveredmethods="0" conditionals="0" coveredconditionals="0" statements="0" coveredstatements="0" elements="0" coveredelements="0"/>
      </class>
      <metrics loc="11" ncloc="11" classes="0" methods="0" coveredmethods="0" conditionals="0" coveredconditionals="0" statements="0" coveredstatements="0" elements="0" coveredelements="0"/>
    </file>
    <file name="/Applications/MAMP/htdocs/kiwitech/mbcbackend/app/Exceptions/Handler.php">
      <class name="App\Exceptions\Handler" namespace="global">
        <metrics complexity="1" methods="1" coveredmethods="0" conditionals="0" coveredconditionals="0" statements="2" coveredstatements="0" elements="3" coveredelements="0"/>
      </class>
      <line num="36" type="method" name="register" visibility="public" complexity="1" crap="2" count="0"/>
      <line num="38" type="stmt" count="0"/>
      <line num="39" type="stmt" count="0"/>
      <metrics loc="43" ncloc="28" classes="1" methods="1" coveredmethods="0" conditionals="0" coveredconditionals="0" statements="2" coveredstatements="0" elements="3" coveredelements="0"/>
    </file>
    <file name="/Applications/MAMP/htdocs/kiwitech/mbcbackend/app/Helpers/AuthHelper.php">
      <class name="App\Helpers\AuthHelper" namespace="global">
        <metrics complexity="7" methods="3" coveredmethods="0" conditionals="0" coveredconditionals="0" statements="12" coveredstatements="0" elements="15" coveredelements="0"/>
      </class>
      <line num="17" type="method" name="createToken" visibility="public" complexity="1" crap="2" count="0"/>
      <line num="19" type="stmt" count="0"/>
      <line num="22" type="method" name="dateConvert" visibility="public" complexity="1" crap="2" count="0"/>
      <line num="24" type="stmt" count="0"/>
      <line num="27" type="method" name="authenticatedUser" visibility="public" complexity="5" crap="30" count="0"/>
      <line num="29" type="stmt" count="0"/>
      <line num="31" type="stmt" count="0"/>
      <line num="32" type="stmt" count="0"/>
      <line num="34" type="stmt" count="0"/>
      <line num="36" type="stmt" count="0"/>
      <line num="37" type="stmt" count="0"/>
      <line num="38" type="stmt" count="0"/>
      <line num="39" type="stmt" count="0"/>
      <line num="40" type="stmt" count="0"/>
      <line num="43" type="stmt" count="0"/>
      <metrics loc="46" ncloc="46" classes="1" methods="3" coveredmethods="0" conditionals="0" coveredconditionals="0" statements="12" coveredstatements="0" elements="15" coveredelements="0"/>
    </file>
    <file name="/Applications/MAMP/htdocs/kiwitech/mbcbackend/app/Helpers/CustomHelper.php">
      <class name="App\Helpers\CustomHelper" namespace="global">
        <metrics complexity="12" methods="10" coveredmethods="0" conditionals="0" coveredconditionals="0" statements="19" coveredstatements="0" elements="29" coveredelements="0"/>
      </class>
      <line num="15" type="method" name="phoneNumberFormat" visibility="public" complexity="2" crap="6" count="0"/>
      <line num="16" type="stmt" count="0"/>
      <line num="17" type="stmt" count="0"/>
      <line num="18" type="stmt" count="0"/>
      <line num="20" type="stmt" count="0"/>
      <line num="23" type="method" name="removePhoneNumberFormat" visibility="public" complexity="1" crap="2" count="0"/>
      <line num="24" type="stmt" count="0"/>
      <line num="27" type="method" name="nameRegex" visibility="public" complexity="1" crap="2" count="0"/>
      <line num="28" type="stmt" count="0"/>
      <line num="31" type="method" name="emailRegex" visibility="public" complexity="1" crap="2" count="0"/>
      <line num="32" type="stmt" count="0"/>
      <line num="35" type="method" name="phoneRegex" visibility="public" complexity="1" crap="2" count="0"/>
      <line num="36" type="stmt" count="0"/>
      <line num="39" type="method" name="passwordRegex" visibility="public" complexity="1" crap="2" count="0"/>
      <line num="40" type="stmt" count="0"/>
      <line num="43" type="method" name="urlRegex" visibility="public" complexity="1" crap="2" count="0"/>
      <line num="44" type="stmt" count="0"/>
      <line num="47" type="method" name="ageCalculator" visibility="public" complexity="2" crap="6" count="0"/>
      <line num="48" type="stmt" count="0"/>
      <line num="49" type="stmt" count="0"/>
      <line num="50" type="stmt" count="0"/>
      <line num="51" type="stmt" count="0"/>
      <line num="53" type="stmt" count="0"/>
      <line num="57" type="method" name="dateConvert" visibility="public" complexity="1" crap="2" count="0"/>
      <line num="58" type="stmt" count="0"/>
      <line num="61" type="method" name="dateTimeZoneConversion" visibility="public" complexity="1" crap="2" count="0"/>
      <line num="62" type="stmt" count="0"/>
      <line num="63" type="stmt" count="0"/>
      <line num="64" type="stmt" count="0"/>
      <metrics loc="67" ncloc="67" classes="1" methods="10" coveredmethods="0" conditionals="0" coveredconditionals="0" statements="19" coveredstatements="0" elements="29" coveredelements="0"/>
    </file>
    <file name="/Applications/MAMP/htdocs/kiwitech/mbcbackend/app/Helpers/TwilioOtp.php">
      <class name="App\Helpers\TwilioOtp" namespace="global">
        <metrics complexity="7" methods="2" coveredmethods="0" conditionals="0" coveredconditionals="0" statements="26" coveredstatements="0" elements="28" coveredelements="0"/>
      </class>
      <line num="12" type="method" name="sendOTPOnPhone" visibility="public" complexity="4" crap="20" count="0"/>
      <line num="24" type="stmt" count="0"/>
      <line num="25" type="stmt" count="0"/>
      <line num="26" type="stmt" count="0"/>
      <line num="27" type="stmt" count="0"/>
      <line num="28" type="stmt" count="0"/>
      <line num="29" type="stmt" count="0"/>
      <line num="31" type="stmt" count="0"/>
      <line num="32" type="stmt" count="0"/>
      <line num="33" type="stmt" count="0"/>
      <line num="34" type="stmt" count="0"/>
      <line num="35" type="stmt" count="0"/>
      <line num="37" type="stmt" count="0"/>
      <line num="38" type="stmt" count="0"/>
      <line num="39" type="stmt" count="0"/>
      <line num="41" type="stmt" count="0"/>
      <line num="42" type="stmt" count="0"/>
      <line num="43" type="stmt" count="0"/>
      <line num="47" type="method" name="otpVerification" visibility="public" complexity="3" crap="12" count="0"/>
      <line num="48" type="stmt" count="0"/>
      <line num="49" type="stmt" count="0"/>
      <line num="50" type="stmt" count="0"/>
      <line num="51" type="stmt" count="0"/>
      <line num="52" type="stmt" count="0"/>
      <line num="54" type="stmt" count="0"/>
      <line num="55" type="stmt" count="0"/>
      <line num="57" type="stmt" count="0"/>
      <line num="60" type="stmt" count="0"/>
      <metrics loc="63" ncloc="53" classes="1" methods="2" coveredmethods="0" conditionals="0" coveredconditionals="0" statements="26" coveredstatements="0" elements="28" coveredelements="0"/>
    </file>
    <file name="/Applications/MAMP/htdocs/kiwitech/mbcbackend/app/Http/Controllers/Api/AuthController.php">
      <class name="App\Http\Controllers\Api\AuthController" namespace="global">
        <metrics complexity="22" methods="6" coveredmethods="0" conditionals="0" coveredconditionals="0" statements="60" coveredstatements="0" elements="66" coveredelements="0"/>
      </class>
      <line num="85" type="method" name="login" visibility="public" complexity="4" crap="20" count="0"/>
      <line num="88" type="stmt" count="0"/>
      <line num="89" type="stmt" count="0"/>
      <line num="90" type="stmt" count="0"/>
      <line num="91" type="stmt" count="0"/>
      <line num="93" type="stmt" count="0"/>
      <line num="94" type="stmt" count="0"/>
      <line num="95" type="stmt" count="0"/>
      <line num="97" type="stmt" count="0"/>
      <line num="98" type="stmt" count="0"/>
      <line num="99" type="stmt" count="0"/>
      <line num="101" type="stmt" count="0"/>
      <line num="103" type="stmt" count="0"/>
      <line num="104" type="stmt" count="0"/>
      <line num="107" type="stmt" count="0"/>
      <line num="163" type="method" name="sentOtp" visibility="public" complexity="4" crap="20" count="0"/>
      <line num="165" type="stmt" count="0"/>
      <line num="166" type="stmt" count="0"/>
      <line num="167" type="stmt" count="0"/>
      <line num="169" type="stmt" count="0"/>
      <line num="170" type="stmt" count="0"/>
      <line num="171" type="stmt" count="0"/>
      <line num="173" type="stmt" count="0"/>
      <line num="176" type="stmt" count="0"/>
      <line num="177" type="stmt" count="0"/>
      <line num="180" type="stmt" count="0"/>
      <line num="241" type="method" name="verifyOtp" visibility="public" complexity="3" crap="12" count="0"/>
      <line num="243" type="stmt" count="0"/>
      <line num="244" type="stmt" count="0"/>
      <line num="245" type="stmt" count="0"/>
      <line num="247" type="stmt" count="0"/>
      <line num="249" type="stmt" count="0"/>
      <line num="250" type="stmt" count="0"/>
      <line num="253" type="stmt" count="0"/>
      <line num="293" type="method" name="logout" visibility="public" complexity="4" crap="20" count="0"/>
      <line num="295" type="stmt" count="0"/>
      <line num="296" type="stmt" count="0"/>
      <line num="297" type="stmt" count="0"/>
      <line num="299" type="stmt" count="0"/>
      <line num="300" type="stmt" count="0"/>
      <line num="301" type="stmt" count="0"/>
      <line num="341" type="method" name="refreshToken" visibility="public" complexity="4" crap="20" count="0"/>
      <line num="343" type="stmt" count="0"/>
      <line num="345" type="stmt" count="0"/>
      <line num="346" type="stmt" count="0"/>
      <line num="347" type="stmt" count="0"/>
      <line num="348" type="stmt" count="0"/>
      <line num="349" type="stmt" count="0"/>
      <line num="350" type="stmt" count="0"/>
      <line num="351" type="stmt" count="0"/>
      <line num="353" type="stmt" count="0"/>
      <line num="357" type="stmt" count="0"/>
      <line num="418" type="method" name="resetPassword" visibility="public" complexity="3" crap="12" count="0"/>
      <line num="420" type="stmt" count="0"/>
      <line num="421" type="stmt" count="0"/>
      <line num="422" type="stmt" count="0"/>
      <line num="423" type="stmt" count="0"/>
      <line num="425" type="stmt" count="0"/>
      <line num="426" type="stmt" count="0"/>
      <line num="427" type="stmt" count="0"/>
      <line num="428" type="stmt" count="0"/>
      <line num="429" type="stmt" count="0"/>
      <line num="430" type="stmt" count="0"/>
      <line num="431" type="stmt" count="0"/>
      <line num="432" type="stmt" count="0"/>
      <line num="434" type="stmt" count="0"/>
      <metrics loc="437" ncloc="136" classes="1" methods="6" coveredmethods="0" conditionals="0" coveredconditionals="0" statements="60" coveredstatements="0" elements="66" coveredelements="0"/>
    </file>
    <file name="/Applications/MAMP/htdocs/kiwitech/mbcbackend/app/Http/Controllers/Api/ChatFeedbackController.php">
      <class name="App\Http\Controllers\Api\ChatFeedbackController" namespace="global">
        <metrics complexity="3" methods="1" coveredmethods="0" conditionals="0" coveredconditionals="0" statements="10" coveredstatements="0" elements="11" coveredelements="0"/>
      </class>
      <line num="68" type="method" name="saveChatFeedback" visibility="public" complexity="3" crap="12" count="0"/>
      <line num="71" type="stmt" count="0"/>
      <line num="72" type="stmt" count="0"/>
      <line num="73" type="stmt" count="0"/>
      <line num="74" type="stmt" count="0"/>
      <line num="75" type="stmt" count="0"/>
      <line num="77" type="stmt" count="0"/>
      <line num="79" type="stmt" count="0"/>
      <line num="80" type="stmt" count="0"/>
      <line num="81" type="stmt" count="0"/>
      <line num="83" type="stmt" count="0"/>
      <metrics loc="86" ncloc="35" classes="1" methods="1" coveredmethods="0" conditionals="0" coveredconditionals="0" statements="10" coveredstatements="0" elements="11" coveredelements="0"/>
    </file>
    <file name="/Applications/MAMP/htdocs/kiwitech/mbcbackend/app/Http/Controllers/Api/DonarDashboardController.php">
      <class name="App\Http\Controllers\Api\DonarDashboardController" namespace="global">
        <metrics complexity="4" methods="1" coveredmethods="0" conditionals="0" coveredconditionals="0" statements="7" coveredstatements="0" elements="8" coveredelements="0"/>
      </class>
      <line num="79" type="method" name="getPtbProfileCard" visibility="public" complexity="4" crap="20" count="0"/>
      <line num="82" type="stmt" count="0"/>
      <line num="83" type="stmt" count="0"/>
      <line num="84" type="stmt" count="0"/>
      <line num="85" type="stmt" count="0"/>
      <line num="86" type="stmt" count="0"/>
      <line num="87" type="stmt" count="0"/>
      <line num="89" type="stmt" count="0"/>
      <metrics loc="92" ncloc="29" classes="1" methods="1" coveredmethods="0" conditionals="0" coveredconditionals="0" statements="7" coveredstatements="0" elements="8" coveredelements="0"/>
    </file>
    <file name="/Applications/MAMP/htdocs/kiwitech/mbcbackend/app/Http/Controllers/Api/FcmController.php">
      <class name="App\Http\Controllers\Api\FcmController" namespace="global">
        <metrics complexity="2" methods="1" coveredmethods="0" conditionals="0" coveredconditionals="0" statements="10" coveredstatements="0" elements="11" coveredelements="0"/>
      </class>
      <line num="79" type="method" name="registerDevice" visibility="public" complexity="2" crap="6" count="0"/>
      <line num="81" type="stmt" count="0"/>
      <line num="82" type="stmt" count="0"/>
      <line num="83" type="stmt" count="0"/>
      <line num="84" type="stmt" count="0"/>
      <line num="85" type="stmt" count="0"/>
      <line num="86" type="stmt" count="0"/>
      <line num="87" type="stmt" count="0"/>
      <line num="88" type="stmt" count="0"/>
      <line num="89" type="stmt" count="0"/>
      <line num="91" type="stmt" count="0"/>
      <metrics loc="94" ncloc="34" classes="1" methods="1" coveredmethods="0" conditionals="0" coveredconditionals="0" statements="10" coveredstatements="0" elements="11" coveredelements="0"/>
    </file>
    <file name="/Applications/MAMP/htdocs/kiwitech/mbcbackend/app/Http/Controllers/Api/InAppWebhookController.php">
      <class name="App\Http\Controllers\Api\InAppWebhookController" namespace="global">
        <metrics complexity="5" methods="3" coveredmethods="0" conditionals="0" coveredconditionals="0" statements="18" coveredstatements="0" elements="21" coveredelements="0"/>
      </class>
      <line num="15" type="method" name="iosSubscriptionEvent" visibility="public" complexity="2" crap="6" count="0"/>
      <line num="18" type="stmt" count="0"/>
      <line num="20" type="stmt" count="0"/>
      <line num="21" type="stmt" count="0"/>
      <line num="22" type="stmt" count="0"/>
      <line num="23" type="stmt" count="0"/>
      <line num="25" type="stmt" count="0"/>
      <line num="28" type="method" name="androidSubscriptionEvent" visibility="public" complexity="2" crap="6" count="0"/>
      <line num="31" type="stmt" count="0"/>
      <line num="32" type="stmt" count="0"/>
      <line num="34" type="stmt" count="0"/>
      <line num="35" type="stmt" count="0"/>
      <line num="36" type="stmt" count="0"/>
      <line num="37" type="stmt" count="0"/>
      <line num="39" type="stmt" count="0"/>
      <line num="42" type="method" name="decodeDataPayload" visibility="private" complexity="1" crap="2" count="0"/>
      <line num="44" type="stmt" count="0"/>
      <line num="45" type="stmt" count="0"/>
      <line num="47" type="stmt" count="0"/>
      <line num="48" type="stmt" count="0"/>
      <line num="49" type="stmt" count="0"/>
      <metrics loc="53" ncloc="53" classes="1" methods="3" coveredmethods="0" conditionals="0" coveredconditionals="0" statements="18" coveredstatements="0" elements="21" coveredelements="0"/>
    </file>
    <file name="/Applications/MAMP/htdocs/kiwitech/mbcbackend/app/Http/Controllers/Api/NotificationController.php">
      <class name="App\Http\Controllers\Api\NotificationController" namespace="global">
        <metrics complexity="2" methods="1" coveredmethods="0" conditionals="0" coveredconditionals="0" statements="4" coveredstatements="0" elements="5" coveredelements="0"/>
      </class>
      <line num="54" type="method" name="getNewNotification" visibility="public" complexity="2" crap="6" count="0"/>
      <line num="57" type="stmt" count="0"/>
      <line num="58" type="stmt" count="0"/>
      <line num="59" type="stmt" count="0"/>
      <line num="61" type="stmt" count="0"/>
      <metrics loc="64" ncloc="22" classes="1" methods="1" coveredmethods="0" conditionals="0" coveredconditionals="0" statements="4" coveredstatements="0" elements="5" coveredelements="0"/>
    </file>
    <file name="/Applications/MAMP/htdocs/kiwitech/mbcbackend/app/Http/Controllers/Api/ParentsToBeDashboardController.php">
      <class name="App\Http\Controllers\Api\ParentsToBeDashboardController" namespace="global">
        <metrics complexity="7" methods="1" coveredmethods="0" conditionals="0" coveredconditionals="0" statements="13" coveredstatements="0" elements="14" coveredelements="0"/>
      </class>
      <line num="51" type="method" name="matchedDonars" visibility="public" complexity="7" crap="56" count="0"/>
      <line num="54" type="stmt" count="0"/>
      <line num="55" type="stmt" count="0"/>
      <line num="56" type="stmt" count="0"/>
      <line num="57" type="stmt" count="0"/>
      <line num="58" type="stmt" count="0"/>
      <line num="59" type="stmt" count="0"/>
      <line num="61" type="stmt" count="0"/>
      <line num="62" type="stmt" count="0"/>
      <line num="63" type="stmt" count="0"/>
      <line num="64" type="stmt" count="0"/>
      <line num="65" type="stmt" count="0"/>
      <line num="66" type="stmt" count="0"/>
      <line num="69" type="stmt" count="0"/>
      <metrics loc="72" ncloc="39" classes="1" methods="1" coveredmethods="0" conditionals="0" coveredconditionals="0" statements="13" coveredstatements="0" elements="14" coveredelements="0"/>
    </file>
    <file name="/Applications/MAMP/htdocs/kiwitech/mbcbackend/app/Http/Controllers/Api/ProfileMatchController.php">
      <class name="App\Http\Controllers\Api\ProfileMatchController" namespace="global">
        <metrics complexity="8" methods="3" coveredmethods="0" conditionals="0" coveredconditionals="0" statements="26" coveredstatements="0" elements="29" coveredelements="0"/>
      </class>
      <line num="73" type="method" name="profileMatchRequest" visibility="public" complexity="3" crap="12" count="0"/>
      <line num="76" type="stmt" count="0"/>
      <line num="77" type="stmt" count="0"/>
      <line num="78" type="stmt" count="0"/>
      <line num="79" type="stmt" count="0"/>
      <line num="80" type="stmt" count="0"/>
      <line num="82" type="stmt" count="0"/>
      <line num="83" type="stmt" count="0"/>
      <line num="85" type="stmt" count="0"/>
      <line num="86" type="stmt" count="0"/>
      <line num="87" type="stmt" count="0"/>
      <line num="89" type="stmt" count="0"/>
      <line num="148" type="method" name="profileMatchRequestResponse" visibility="public" complexity="2" crap="6" count="0"/>
      <line num="151" type="stmt" count="0"/>
      <line num="152" type="stmt" count="0"/>
      <line num="153" type="stmt" count="0"/>
      <line num="154" type="stmt" count="0"/>
      <line num="155" type="stmt" count="0"/>
      <line num="156" type="stmt" count="0"/>
      <line num="157" type="stmt" count="0"/>
      <line num="159" type="stmt" count="0"/>
      <line num="191" type="method" name="getProfileMatches" visibility="public" complexity="3" crap="12" count="0"/>
      <line num="194" type="stmt" count="0"/>
      <line num="195" type="stmt" count="0"/>
      <line num="196" type="stmt" count="0"/>
      <line num="198" type="stmt" count="0"/>
      <line num="200" type="stmt" count="0"/>
      <line num="201" type="stmt" count="0"/>
      <line num="203" type="stmt" count="0"/>
      <metrics loc="207" ncloc="68" classes="1" methods="3" coveredmethods="0" conditionals="0" coveredconditionals="0" statements="26" coveredstatements="0" elements="29" coveredelements="0"/>
    </file>
    <file name="/Applications/MAMP/htdocs/kiwitech/mbcbackend/app/Http/Controllers/Api/StateController.php">
      <class name="App\Http\Controllers\Api\StateController" namespace="global">
        <metrics complexity="4" methods="2" coveredmethods="0" conditionals="0" coveredconditionals="0" statements="8" coveredstatements="0" elements="10" coveredelements="0"/>
      </class>
      <line num="43" type="method" name="getStates" visibility="public" complexity="3" crap="12" count="0"/>
      <line num="46" type="stmt" count="0"/>
      <line num="47" type="stmt" count="0"/>
      <line num="48" type="stmt" count="0"/>
      <line num="50" type="stmt" count="0"/>
      <line num="52" type="stmt" count="0"/>
      <line num="53" type="stmt" count="0"/>
      <line num="55" type="stmt" count="0"/>
      <line num="86" type="method" name="getPhpVersion" visibility="public" complexity="1" crap="2" count="0"/>
      <line num="88" type="stmt" count="0"/>
      <metrics loc="91" ncloc="35" classes="1" methods="2" coveredmethods="0" conditionals="0" coveredconditionals="0" statements="8" coveredstatements="0" elements="10" coveredelements="0"/>
    </file>
    <file name="/Applications/MAMP/htdocs/kiwitech/mbcbackend/app/Http/Controllers/Api/SubscriptionController.php">
      <class name="App\Http\Controllers\Api\SubscriptionController" namespace="global">
        <metrics complexity="7" methods="3" coveredmethods="0" conditionals="0" coveredconditionals="0" statements="18" coveredstatements="0" elements="21" coveredelements="0"/>
      </class>
      <line num="50" type="method" name="getPlan" visibility="public" complexity="2" crap="6" count="0"/>
      <line num="53" type="stmt" count="0"/>
      <line num="54" type="stmt" count="0"/>
      <line num="55" type="stmt" count="0"/>
      <line num="57" type="stmt" count="0"/>
      <line num="115" type="method" name="createSubscription" visibility="public" complexity="3" crap="12" count="0"/>
      <line num="118" type="stmt" count="0"/>
      <line num="119" type="stmt" count="0"/>
      <line num="120" type="stmt" count="0"/>
      <line num="121" type="stmt" count="0"/>
      <line num="122" type="stmt" count="0"/>
      <line num="123" type="stmt" count="0"/>
      <line num="125" type="stmt" count="0"/>
      <line num="126" type="stmt" count="0"/>
      <line num="127" type="stmt" count="0"/>
      <line num="129" type="stmt" count="0"/>
      <line num="165" type="method" name="getSubscriptionStatus" visibility="public" complexity="2" crap="6" count="0"/>
      <line num="168" type="stmt" count="0"/>
      <line num="169" type="stmt" count="0"/>
      <line num="170" type="stmt" count="0"/>
      <line num="172" type="stmt" count="0"/>
      <metrics loc="176" ncloc="55" classes="1" methods="3" coveredmethods="0" conditionals="0" coveredconditionals="0" statements="18" coveredstatements="0" elements="21" coveredelements="0"/>
    </file>
    <file name="/Applications/MAMP/htdocs/kiwitech/mbcbackend/app/Http/Controllers/Api/UserController.php">
      <class name="App\Http\Controllers\Api\UserController" namespace="global">
        <metrics complexity="44" methods="15" coveredmethods="0" conditionals="0" coveredconditionals="0" statements="130" coveredstatements="0" elements="145" coveredelements="0"/>
      </class>
      <line num="128" type="method" name="register" visibility="public" complexity="4" crap="20" count="0"/>
      <line num="131" type="stmt" count="0"/>
      <line num="132" type="stmt" count="0"/>
      <line num="133" type="stmt" count="0"/>
      <line num="134" type="stmt" count="0"/>
      <line num="135" type="stmt" count="0"/>
      <line num="136" type="stmt" count="0"/>
      <line num="137" type="stmt" count="0"/>
      <line num="139" type="stmt" count="0"/>
      <line num="140" type="stmt" count="0"/>
      <line num="142" type="stmt" count="0"/>
      <line num="143" type="stmt" count="0"/>
      <line num="144" type="stmt" count="0"/>
      <line num="145" type="stmt" count="0"/>
      <line num="146" type="stmt" count="0"/>
      <line num="147" type="stmt" count="0"/>
      <line num="149" type="stmt" count="0"/>
      <line num="181" type="method" name="getProfileSetterData" visibility="public" complexity="3" crap="12" count="0"/>
      <line num="184" type="stmt" count="0"/>
      <line num="185" type="stmt" count="0"/>
      <line num="186" type="stmt" count="0"/>
      <line num="188" type="stmt" count="0"/>
      <line num="190" type="stmt" count="0"/>
      <line num="191" type="stmt" count="0"/>
      <line num="193" type="stmt" count="0"/>
      <line num="276" type="method" name="profileRegister" visibility="public" complexity="3" crap="12" count="0"/>
      <line num="279" type="stmt" count="0"/>
      <line num="280" type="stmt" count="0"/>
      <line num="281" type="stmt" count="0"/>
      <line num="282" type="stmt" count="0"/>
      <line num="283" type="stmt" count="0"/>
      <line num="285" type="stmt" count="0"/>
      <line num="287" type="stmt" count="0"/>
      <line num="288" type="stmt" count="0"/>
      <line num="289" type="stmt" count="0"/>
      <line num="291" type="stmt" count="0"/>
      <line num="331" type="method" name="getPreferencesAgeRangeData" visibility="public" complexity="3" crap="12" count="0"/>
      <line num="334" type="stmt" count="0"/>
      <line num="335" type="stmt" count="0"/>
      <line num="336" type="stmt" count="0"/>
      <line num="338" type="stmt" count="0"/>
      <line num="340" type="stmt" count="0"/>
      <line num="341" type="stmt" count="0"/>
      <line num="343" type="stmt" count="0"/>
      <line num="375" type="method" name="getPreferencesSetterData" visibility="public" complexity="3" crap="12" count="0"/>
      <line num="378" type="stmt" count="0"/>
      <line num="379" type="stmt" count="0"/>
      <line num="380" type="stmt" count="0"/>
      <line num="382" type="stmt" count="0"/>
      <line num="384" type="stmt" count="0"/>
      <line num="385" type="stmt" count="0"/>
      <line num="387" type="stmt" count="0"/>
      <line num="480" type="method" name="setPreferences" visibility="public" complexity="3" crap="12" count="0"/>
      <line num="483" type="stmt" count="0"/>
      <line num="484" type="stmt" count="0"/>
      <line num="485" type="stmt" count="0"/>
      <line num="486" type="stmt" count="0"/>
      <line num="487" type="stmt" count="0"/>
      <line num="489" type="stmt" count="0"/>
      <line num="490" type="stmt" count="0"/>
      <line num="492" type="stmt" count="0"/>
      <line num="493" type="stmt" count="0"/>
      <line num="494" type="stmt" count="0"/>
      <line num="496" type="stmt" count="0"/>
      <line num="528" type="method" name="getAttributesSetterData" visibility="public" complexity="3" crap="12" count="0"/>
      <line num="531" type="stmt" count="0"/>
      <line num="532" type="stmt" count="0"/>
      <line num="533" type="stmt" count="0"/>
      <line num="535" type="stmt" count="0"/>
      <line num="537" type="stmt" count="0"/>
      <line num="538" type="stmt" count="0"/>
      <line num="540" type="stmt" count="0"/>
      <line num="628" type="method" name="setAttributes" visibility="public" complexity="3" crap="12" count="0"/>
      <line num="631" type="stmt" count="0"/>
      <line num="632" type="stmt" count="0"/>
      <line num="633" type="stmt" count="0"/>
      <line num="634" type="stmt" count="0"/>
      <line num="635" type="stmt" count="0"/>
      <line num="637" type="stmt" count="0"/>
      <line num="638" type="stmt" count="0"/>
      <line num="640" type="stmt" count="0"/>
      <line num="641" type="stmt" count="0"/>
      <line num="642" type="stmt" count="0"/>
      <line num="644" type="stmt" count="0"/>
      <line num="713" type="method" name="setGallery" visibility="public" complexity="5" crap="30" count="0"/>
      <line num="716" type="stmt" count="0"/>
      <line num="717" type="stmt" count="0"/>
      <line num="718" type="stmt" count="0"/>
      <line num="719" type="stmt" count="0"/>
      <line num="720" type="stmt" count="0"/>
      <line num="721" type="stmt" count="0"/>
      <line num="722" type="stmt" count="0"/>
      <line num="723" type="stmt" count="0"/>
      <line num="724" type="stmt" count="0"/>
      <line num="725" type="stmt" count="0"/>
      <line num="727" type="stmt" count="0"/>
      <line num="728" type="stmt" count="0"/>
      <line num="729" type="stmt" count="0"/>
      <line num="732" type="stmt" count="0"/>
      <line num="733" type="stmt" count="0"/>
      <line num="734" type="stmt" count="0"/>
      <line num="736" type="stmt" count="0"/>
      <line num="788" type="method" name="deleteGallery" visibility="public" complexity="2" crap="6" count="0"/>
      <line num="790" type="stmt" count="0"/>
      <line num="791" type="stmt" count="0"/>
      <line num="792" type="stmt" count="0"/>
      <line num="793" type="stmt" count="0"/>
      <line num="795" type="stmt" count="0"/>
      <line num="827" type="method" name="getGalleryData" visibility="public" complexity="2" crap="6" count="0"/>
      <line num="830" type="stmt" count="0"/>
      <line num="831" type="stmt" count="0"/>
      <line num="832" type="stmt" count="0"/>
      <line num="833" type="stmt" count="0"/>
      <line num="835" type="stmt" count="0"/>
      <line num="888" type="method" name="updateProfilePic" visibility="public" complexity="3" crap="12" count="0"/>
      <line num="891" type="stmt" count="0"/>
      <line num="892" type="stmt" count="0"/>
      <line num="893" type="stmt" count="0"/>
      <line num="895" type="stmt" count="0"/>
      <line num="897" type="stmt" count="0"/>
      <line num="898" type="stmt" count="0"/>
      <line num="900" type="stmt" count="0"/>
      <line num="932" type="method" name="getAttributes" visibility="public" complexity="2" crap="6" count="0"/>
      <line num="935" type="stmt" count="0"/>
      <line num="936" type="stmt" count="0"/>
      <line num="937" type="stmt" count="0"/>
      <line num="939" type="stmt" count="0"/>
      <line num="971" type="method" name="getUserProfile" visibility="public" complexity="2" crap="6" count="0"/>
      <line num="974" type="stmt" count="0"/>
      <line num="975" type="stmt" count="0"/>
      <line num="976" type="stmt" count="0"/>
      <line num="977" type="stmt" count="0"/>
      <line num="979" type="stmt" count="0"/>
      <line num="1087" type="method" name="updateProfile" visibility="public" complexity="3" crap="12" count="0"/>
      <line num="1090" type="stmt" count="0"/>
      <line num="1091" type="stmt" count="0"/>
      <line num="1092" type="stmt" count="0"/>
      <line num="1093" type="stmt" count="0"/>
      <line num="1094" type="stmt" count="0"/>
      <line num="1096" type="stmt" count="0"/>
      <line num="1097" type="stmt" count="0"/>
      <line num="1099" type="stmt" count="0"/>
      <line num="1100" type="stmt" count="0"/>
      <line num="1101" type="stmt" count="0"/>
      <line num="1103" type="stmt" count="0"/>
      <metrics loc="1106" ncloc="269" classes="1" methods="15" coveredmethods="0" conditionals="0" coveredconditionals="0" statements="130" coveredstatements="0" elements="145" coveredelements="0"/>
    </file>
    <file name="/Applications/MAMP/htdocs/kiwitech/mbcbackend/app/Http/Controllers/Api/UserProfileController.php">
      <class name="App\Http\Controllers\Api\UserProfileController" namespace="global">
        <metrics complexity="6" methods="2" coveredmethods="0" conditionals="0" coveredconditionals="0" statements="14" coveredstatements="0" elements="16" coveredelements="0"/>
      </class>
      <line num="54" type="method" name="getDonerProfileDetails" visibility="public" complexity="3" crap="12" count="0"/>
      <line num="57" type="stmt" count="0"/>
      <line num="58" type="stmt" count="0"/>
      <line num="59" type="stmt" count="0"/>
      <line num="61" type="stmt" count="0"/>
      <line num="63" type="stmt" count="0"/>
      <line num="64" type="stmt" count="0"/>
      <line num="66" type="stmt" count="0"/>
      <line num="105" type="method" name="getPtbProfileDetails" visibility="public" complexity="3" crap="12" count="0"/>
      <line num="108" type="stmt" count="0"/>
      <line num="109" type="stmt" count="0"/>
      <line num="110" type="stmt" count="0"/>
      <line num="112" type="stmt" count="0"/>
      <line num="114" type="stmt" count="0"/>
      <line num="115" type="stmt" count="0"/>
      <line num="117" type="stmt" count="0"/>
      <metrics loc="120" ncloc="46" classes="1" methods="2" coveredmethods="0" conditionals="0" coveredconditionals="0" statements="14" coveredstatements="0" elements="16" coveredelements="0"/>
    </file>
    <file name="/Applications/MAMP/htdocs/kiwitech/mbcbackend/app/Http/Controllers/Controller.php">
      <class name="App\Http\Controllers\Controller" namespace="global">
        <metrics complexity="0" methods="0" coveredmethods="0" conditionals="0" coveredconditionals="0" statements="0" coveredstatements="0" elements="0" coveredelements="0"/>
      </class>
      <metrics loc="26" ncloc="14" classes="0" methods="0" coveredmethods="0" conditionals="0" coveredconditionals="0" statements="0" coveredstatements="0" elements="0" coveredelements="0"/>
    </file>
    <file name="/Applications/MAMP/htdocs/kiwitech/mbcbackend/app/Http/Kernel.php">
      <class name="App\Http\Kernel" namespace="global">
        <metrics complexity="0" methods="0" coveredmethods="0" conditionals="0" coveredconditionals="0" statements="0" coveredstatements="0" elements="0" coveredelements="0"/>
      </class>
      <metrics loc="72" ncloc="51" classes="0" methods="0" coveredmethods="0" conditionals="0" coveredconditionals="0" statements="0" coveredstatements="0" elements="0" coveredelements="0"/>
    </file>
    <file name="/Applications/MAMP/htdocs/kiwitech/mbcbackend/app/Http/Middleware/Authenticate.php">
      <class name="App\Http\Middleware\Authenticate" namespace="global">
        <metrics complexity="2" methods="1" coveredmethods="0" conditionals="0" coveredconditionals="0" statements="2" coveredstatements="0" elements="3" coveredelements="0"/>
      </class>
      <line num="15" type="method" name="redirectTo" visibility="protected" complexity="2" crap="6" count="0"/>
      <line num="17" type="stmt" count="0"/>
      <line num="18" type="stmt" count="0"/>
      <metrics loc="22" ncloc="16" classes="1" methods="1" coveredmethods="0" conditionals="0" coveredconditionals="0" statements="2" coveredstatements="0" elements="3" coveredelements="0"/>
    </file>
    <file name="/Applications/MAMP/htdocs/kiwitech/mbcbackend/app/Http/Middleware/EncryptCookies.php">
      <class name="App\Http\Middleware\EncryptCookies" namespace="global">
        <metrics complexity="0" methods="0" coveredmethods="0" conditionals="0" coveredconditionals="0" statements="0" coveredstatements="0" elements="0" coveredelements="0"/>
      </class>
      <metrics loc="18" ncloc="13" classes="0" methods="0" coveredmethods="0" conditionals="0" coveredconditionals="0" statements="0" coveredstatements="0" elements="0" coveredelements="0"/>
    </file>
    <file name="/Applications/MAMP/htdocs/kiwitech/mbcbackend/app/Http/Middleware/EnsureDonarTokenIsValid.php">
      <class name="App\Http\Middleware\EnsureDonarTokenIsValid" namespace="global">
        <metrics complexity="2" methods="1" coveredmethods="0" conditionals="0" coveredconditionals="0" statements="4" coveredstatements="0" elements="5" coveredelements="0"/>
      </class>
      <line num="20" type="method" name="handle" visibility="public" complexity="2" crap="6" count="0"/>
      <line num="22" type="stmt" count="0"/>
      <line num="23" type="stmt" count="0"/>
      <line num="24" type="stmt" count="0"/>
      <line num="26" type="stmt" count="0"/>
      <metrics loc="29" ncloc="22" classes="1" methods="1" coveredmethods="0" conditionals="0" coveredconditionals="0" statements="4" coveredstatements="0" elements="5" coveredelements="0"/>
    </file>
    <file name="/Applications/MAMP/htdocs/kiwitech/mbcbackend/app/Http/Middleware/EnsureParentsToBeTokenIsValid.php">
      <class name="App\Http\Middleware\EnsureParentsToBeTokenIsValid" namespace="global">
        <metrics complexity="2" methods="1" coveredmethods="0" conditionals="0" coveredconditionals="0" statements="4" coveredstatements="0" elements="5" coveredelements="0"/>
      </class>
      <line num="20" type="method" name="handle" visibility="public" complexity="2" crap="6" count="0"/>
      <line num="22" type="stmt" count="0"/>
      <line num="23" type="stmt" count="0"/>
      <line num="24" type="stmt" count="0"/>
      <line num="26" type="stmt" count="0"/>
      <metrics loc="29" ncloc="22" classes="1" methods="1" coveredmethods="0" conditionals="0" coveredconditionals="0" statements="4" coveredstatements="0" elements="5" coveredelements="0"/>
    </file>
    <file name="/Applications/MAMP/htdocs/kiwitech/mbcbackend/app/Http/Middleware/JwtMiddleware.php">
      <class name="App\Http\Middleware\JwtMiddleware" namespace="global">
        <metrics complexity="5" methods="1" coveredmethods="0" conditionals="0" coveredconditionals="0" statements="11" coveredstatements="0" elements="12" coveredelements="0"/>
      </class>
      <line num="22" type="method" name="handle" visibility="public" complexity="5" crap="30" count="0"/>
      <line num="25" type="stmt" count="0"/>
      <line num="26" type="stmt" count="0"/>
      <line num="28" type="stmt" count="0"/>
      <line num="29" type="stmt" count="0"/>
      <line num="30" type="stmt" count="0"/>
      <line num="31" type="stmt" count="0"/>
      <line num="32" type="stmt" count="0"/>
      <line num="33" type="stmt" count="0"/>
      <line num="35" type="stmt" count="0"/>
      <line num="37" type="stmt" count="0"/>
      <line num="39" type="stmt" count="0"/>
      <metrics loc="41" ncloc="34" classes="1" methods="1" coveredmethods="0" conditionals="0" coveredconditionals="0" statements="11" coveredstatements="0" elements="12" coveredelements="0"/>
    </file>
    <file name="/Applications/MAMP/htdocs/kiwitech/mbcbackend/app/Http/Middleware/PreventRequestsDuringMaintenance.php">
      <class name="App\Http\Middleware\PreventRequestsDuringMaintenance" namespace="global">
        <metrics complexity="0" methods="0" coveredmethods="0" conditionals="0" coveredconditionals="0" statements="0" coveredstatements="0" elements="0" coveredelements="0"/>
      </class>
      <metrics loc="18" ncloc="13" classes="0" methods="0" coveredmethods="0" conditionals="0" coveredconditionals="0" statements="0" coveredstatements="0" elements="0" coveredelements="0"/>
    </file>
    <file name="/Applications/MAMP/htdocs/kiwitech/mbcbackend/app/Http/Middleware/RedirectIfAuthenticated.php">
      <class name="App\Http\Middleware\RedirectIfAuthenticated" namespace="global">
        <metrics complexity="4" methods="1" coveredmethods="0" conditionals="0" coveredconditionals="0" statements="5" coveredstatements="0" elements="6" coveredelements="0"/>
      </class>
      <line num="20" type="method" name="handle" visibility="public" complexity="4" crap="20" count="0"/>
      <line num="22" type="stmt" count="0"/>
      <line num="24" type="stmt" count="0"/>
      <line num="25" type="stmt" count="0"/>
      <line num="26" type="stmt" count="0"/>
      <line num="30" type="stmt" count="0"/>
      <metrics loc="33" ncloc="25" classes="1" methods="1" coveredmethods="0" conditionals="0" coveredconditionals="0" statements="5" coveredstatements="0" elements="6" coveredelements="0"/>
    </file>
    <file name="/Applications/MAMP/htdocs/kiwitech/mbcbackend/app/Http/Middleware/TrimStrings.php">
      <class name="App\Http\Middleware\TrimStrings" namespace="global">
        <metrics complexity="0" methods="0" coveredmethods="0" conditionals="0" coveredconditionals="0" statements="0" coveredstatements="0" elements="0" coveredelements="0"/>
      </class>
      <metrics loc="20" ncloc="15" classes="0" methods="0" coveredmethods="0" conditionals="0" coveredconditionals="0" statements="0" coveredstatements="0" elements="0" coveredelements="0"/>
    </file>
    <file name="/Applications/MAMP/htdocs/kiwitech/mbcbackend/app/Http/Middleware/TrustHosts.php">
      <class name="App\Http\Middleware\TrustHosts" namespace="global">
        <metrics complexity="1" methods="1" coveredmethods="0" conditionals="0" coveredconditionals="0" statements="1" coveredstatements="0" elements="2" coveredelements="0"/>
      </class>
      <line num="14" type="method" name="hosts" visibility="public" complexity="1" crap="2" count="0"/>
      <line num="17" type="stmt" count="0"/>
      <metrics loc="21" ncloc="16" classes="1" methods="1" coveredmethods="0" conditionals="0" coveredconditionals="0" statements="1" coveredstatements="0" elements="2" coveredelements="0"/>
    </file>
    <file name="/Applications/MAMP/htdocs/kiwitech/mbcbackend/app/Http/Middleware/TrustProxies.php">
      <class name="App\Http\Middleware\TrustProxies" namespace="global">
        <metrics complexity="0" methods="0" coveredmethods="0" conditionals="0" coveredconditionals="0" statements="0" coveredstatements="0" elements="0" coveredelements="0"/>
      </class>
      <metrics loc="24" ncloc="14" classes="0" methods="0" coveredmethods="0" conditionals="0" coveredconditionals="0" statements="0" coveredstatements="0" elements="0" coveredelements="0"/>
    </file>
    <file name="/Applications/MAMP/htdocs/kiwitech/mbcbackend/app/Http/Middleware/VerifyCsrfToken.php">
      <class name="App\Http\Middleware\VerifyCsrfToken" namespace="global">
        <metrics complexity="0" methods="0" coveredmethods="0" conditionals="0" coveredconditionals="0" statements="0" coveredstatements="0" elements="0" coveredelements="0"/>
      </class>
      <metrics loc="18" ncloc="13" classes="0" methods="0" coveredmethods="0" conditionals="0" coveredconditionals="0" statements="0" coveredstatements="0" elements="0" coveredelements="0"/>
    </file>
    <file name="/Applications/MAMP/htdocs/kiwitech/mbcbackend/app/Http/Requests/AgeRangeRequest.php">
      <class name="App\Http\Requests\AgeRangeRequest" namespace="global">
        <metrics complexity="4" methods="3" coveredmethods="0" conditionals="0" coveredconditionals="0" statements="3" coveredstatements="0" elements="6" coveredelements="0"/>
      </class>
      <line num="18" type="method" name="authorize" visibility="public" complexity="1" crap="2" count="0"/>
      <line num="20" type="stmt" count="0"/>
      <line num="28" type="method" name="rules" visibility="public" complexity="1" crap="2" count="0"/>
      <line num="31" type="stmt" count="0"/>
      <line num="38" type="method" name="formatErrors" visibility="protected" complexity="2" crap="6" count="0"/>
      <line num="40" type="stmt" count="0"/>
      <metrics loc="43" ncloc="30" classes="1" methods="3" coveredmethods="0" conditionals="0" coveredconditionals="0" statements="3" coveredstatements="0" elements="6" coveredelements="0"/>
    </file>
    <file name="/Applications/MAMP/htdocs/kiwitech/mbcbackend/app/Http/Requests/ApiFormRequest.php">
      <class name="App\Http\Requests\ApiFormRequest" namespace="global">
        <metrics complexity="5" methods="5" coveredmethods="0" conditionals="0" coveredconditionals="0" statements="11" coveredstatements="0" elements="16" coveredelements="0"/>
      </class>
      <line num="14" type="method" name="__construct" visibility="public" complexity="1" crap="2" count="0"/>
      <line num="15" type="stmt" count="0"/>
      <line num="54" type="method" name="failedValidation" visibility="protected" complexity="1" crap="2" count="0"/>
      <line num="55" type="stmt" count="0"/>
      <line num="56" type="stmt" count="0"/>
      <line num="57" type="stmt" count="0"/>
      <line num="58" type="stmt" count="0"/>
      <line num="59" type="stmt" count="0"/>
      <line num="60" type="stmt" count="0"/>
      <line num="62" type="stmt" count="0"/>
      <line num="66" type="method" name="getStatusCode" visibility="protected" complexity="1" crap="2" count="0"/>
      <line num="68" type="stmt" count="0"/>
      <line num="71" type="method" name="setStatusCode" visibility="protected" complexity="1" crap="2" count="0"/>
      <line num="73" type="stmt" count="0"/>
      <line num="76" type="method" name="guard" visibility="protected" complexity="1" crap="2" count="0"/>
      <line num="77" type="stmt" count="0"/>
      <metrics loc="79" ncloc="56" classes="1" methods="5" coveredmethods="0" conditionals="0" coveredconditionals="0" statements="11" coveredstatements="0" elements="16" coveredelements="0"/>
    </file>
    <file name="/Applications/MAMP/htdocs/kiwitech/mbcbackend/app/Http/Requests/CheckPhoneRequest.php">
      <class name="App\Http\Requests\CheckPhoneRequest" namespace="global">
        <metrics complexity="5" methods="4" coveredmethods="0" conditionals="0" coveredconditionals="0" statements="4" coveredstatements="0" elements="8" coveredelements="0"/>
      </class>
      <line num="18" type="method" name="authorize" visibility="public" complexity="1" crap="2" count="0"/>
      <line num="20" type="stmt" count="0"/>
      <line num="28" type="method" name="rules" visibility="public" complexity="1" crap="2" count="0"/>
      <line num="31" type="stmt" count="0"/>
      <line num="39" type="method" name="formatErrors" visibility="protected" complexity="2" crap="6" count="0"/>
      <line num="41" type="stmt" count="0"/>
      <line num="49" type="method" name="messages" visibility="public" complexity="1" crap="2" count="0"/>
      <line num="52" type="stmt" count="0"/>
      <metrics loc="56" ncloc="38" classes="1" methods="4" coveredmethods="0" conditionals="0" coveredconditionals="0" statements="4" coveredstatements="0" elements="8" coveredelements="0"/>
    </file>
    <file name="/Applications/MAMP/htdocs/kiwitech/mbcbackend/app/Http/Requests/ForgotPasswordRequest.php">
      <class name="App\Http\Requests\ForgotPasswordRequest" namespace="global">
        <metrics complexity="5" methods="4" coveredmethods="0" conditionals="0" coveredconditionals="0" statements="5" coveredstatements="0" elements="9" coveredelements="0"/>
      </class>
      <line num="15" type="method" name="authorize" visibility="public" complexity="1" crap="2" count="0"/>
      <line num="17" type="stmt" count="0"/>
      <line num="25" type="method" name="rules" visibility="public" complexity="1" crap="2" count="0"/>
      <line num="28" type="stmt" count="0"/>
      <line num="39" type="method" name="messages" visibility="public" complexity="1" crap="2" count="0"/>
      <line num="41" type="stmt" count="0"/>
      <line num="43" type="stmt" count="0"/>
      <line num="52" type="method" name="formatErrors" visibility="protected" complexity="2" crap="6" count="0"/>
      <line num="54" type="stmt" count="0"/>
      <metrics loc="57" ncloc="39" classes="1" methods="4" coveredmethods="0" conditionals="0" coveredconditionals="0" statements="5" coveredstatements="0" elements="9" coveredelements="0"/>
    </file>
    <file name="/Applications/MAMP/htdocs/kiwitech/mbcbackend/app/Http/Requests/LoginRequest.php">
      <class name="App\Http\Requests\LoginRequest" namespace="global">
        <metrics complexity="4" methods="3" coveredmethods="0" conditionals="0" coveredconditionals="0" statements="4" coveredstatements="0" elements="7" coveredelements="0"/>
      </class>
      <line num="18" type="method" name="authorize" visibility="public" complexity="1" crap="2" count="0"/>
      <line num="20" type="stmt" count="0"/>
      <line num="28" type="method" name="rules" visibility="public" complexity="1" crap="2" count="0"/>
      <line num="31" type="stmt" count="0"/>
      <line num="34" type="stmt" count="0"/>
      <line num="42" type="method" name="formatErrors" visibility="protected" complexity="2" crap="6" count="0"/>
      <line num="44" type="stmt" count="0"/>
      <metrics loc="47" ncloc="34" classes="1" methods="3" coveredmethods="0" conditionals="0" coveredconditionals="0" statements="4" coveredstatements="0" elements="7" coveredelements="0"/>
    </file>
    <file name="/Applications/MAMP/htdocs/kiwitech/mbcbackend/app/Http/Requests/ProfileDetailsRequest.php">
      <class name="App\Http\Requests\ProfileDetailsRequest" namespace="global">
        <metrics complexity="4" methods="3" coveredmethods="0" conditionals="0" coveredconditionals="0" statements="3" coveredstatements="0" elements="6" coveredelements="0"/>
      </class>
      <line num="18" type="method" name="authorize" visibility="public" complexity="1" crap="2" count="0"/>
      <line num="20" type="stmt" count="0"/>
      <line num="28" type="method" name="rules" visibility="public" complexity="1" crap="2" count="0"/>
      <line num="31" type="stmt" count="0"/>
      <line num="38" type="method" name="formatErrors" visibility="protected" complexity="2" crap="6" count="0"/>
      <line num="40" type="stmt" count="0"/>
      <metrics loc="43" ncloc="30" classes="1" methods="3" coveredmethods="0" conditionals="0" coveredconditionals="0" statements="3" coveredstatements="0" elements="6" coveredelements="0"/>
    </file>
    <file name="/Applications/MAMP/htdocs/kiwitech/mbcbackend/app/Http/Requests/ProfileMatchRequest.php">
      <class name="App\Http\Requests\ProfileMatchRequest" namespace="global">
        <metrics complexity="5" methods="3" coveredmethods="0" conditionals="0" coveredconditionals="0" statements="6" coveredstatements="0" elements="9" coveredelements="0"/>
      </class>
      <line num="18" type="method" name="authorize" visibility="public" complexity="1" crap="2" count="0"/>
      <line num="20" type="stmt" count="0"/>
      <line num="28" type="method" name="rules" visibility="public" complexity="2" crap="6" count="0"/>
      <line num="30" type="stmt" count="0"/>
      <line num="31" type="stmt" count="0"/>
      <line num="33" type="stmt" count="0"/>
      <line num="36" type="stmt" count="0"/>
      <line num="44" type="method" name="formatErrors" visibility="protected" complexity="2" crap="6" count="0"/>
      <line num="46" type="stmt" count="0"/>
      <metrics loc="49" ncloc="36" classes="1" methods="3" coveredmethods="0" conditionals="0" coveredconditionals="0" statements="6" coveredstatements="0" elements="9" coveredelements="0"/>
    </file>
    <file name="/Applications/MAMP/htdocs/kiwitech/mbcbackend/app/Http/Requests/ProfileMatchRequestResponse.php">
      <class name="App\Http\Requests\ProfileMatchRequestResponse" namespace="global">
        <metrics complexity="4" methods="3" coveredmethods="0" conditionals="0" coveredconditionals="0" statements="4" coveredstatements="0" elements="7" coveredelements="0"/>
      </class>
      <line num="18" type="method" name="authorize" visibility="public" complexity="1" crap="2" count="0"/>
      <line num="20" type="stmt" count="0"/>
      <line num="28" type="method" name="rules" visibility="public" complexity="1" crap="2" count="0"/>
      <line num="30" type="stmt" count="0"/>
      <line num="32" type="stmt" count="0"/>
      <line num="40" type="method" name="formatErrors" visibility="protected" complexity="2" crap="6" count="0"/>
      <line num="42" type="stmt" count="0"/>
      <metrics loc="45" ncloc="32" classes="1" methods="3" coveredmethods="0" conditionals="0" coveredconditionals="0" statements="4" coveredstatements="0" elements="7" coveredelements="0"/>
    </file>
    <file name="/Applications/MAMP/htdocs/kiwitech/mbcbackend/app/Http/Requests/ProfileRegisterRequest.php">
      <class name="App\Http\Requests\ProfileRegisterRequest" namespace="global">
        <metrics complexity="4" methods="3" coveredmethods="0" conditionals="0" coveredconditionals="0" statements="3" coveredstatements="0" elements="6" coveredelements="0"/>
      </class>
      <line num="18" type="method" name="authorize" visibility="public" complexity="1" crap="2" count="0"/>
      <line num="20" type="stmt" count="0"/>
      <line num="28" type="method" name="rules" visibility="public" complexity="1" crap="2" count="0"/>
      <line num="31" type="stmt" count="0"/>
      <line num="43" type="method" name="formatErrors" visibility="protected" complexity="2" crap="6" count="0"/>
      <line num="45" type="stmt" count="0"/>
      <metrics loc="48" ncloc="35" classes="1" methods="3" coveredmethods="0" conditionals="0" coveredconditionals="0" statements="3" coveredstatements="0" elements="6" coveredelements="0"/>
    </file>
    <file name="/Applications/MAMP/htdocs/kiwitech/mbcbackend/app/Http/Requests/PtbProfileCardRequest.php">
      <class name="App\Http\Requests\PtbProfileCardRequest" namespace="global">
        <metrics complexity="5" methods="4" coveredmethods="0" conditionals="0" coveredconditionals="0" statements="4" coveredstatements="0" elements="8" coveredelements="0"/>
      </class>
      <line num="18" type="method" name="authorize" visibility="public" complexity="1" crap="2" count="0"/>
      <line num="20" type="stmt" count="0"/>
      <line num="28" type="method" name="rules" visibility="public" complexity="1" crap="2" count="0"/>
      <line num="31" type="stmt" count="0"/>
      <line num="40" type="method" name="formatErrors" visibility="protected" complexity="2" crap="6" count="0"/>
      <line num="42" type="stmt" count="0"/>
      <line num="50" type="method" name="messages" visibility="public" complexity="1" crap="2" count="0"/>
      <line num="53" type="stmt" count="0"/>
      <metrics loc="58" ncloc="40" classes="1" methods="4" coveredmethods="0" conditionals="0" coveredconditionals="0" statements="4" coveredstatements="0" elements="8" coveredelements="0"/>
    </file>
    <file name="/Applications/MAMP/htdocs/kiwitech/mbcbackend/app/Http/Requests/RegisterDeviceRequest.php">
      <class name="App\Http\Requests\RegisterDeviceRequest" namespace="global">
        <metrics complexity="4" methods="3" coveredmethods="0" conditionals="0" coveredconditionals="0" statements="3" coveredstatements="0" elements="6" coveredelements="0"/>
      </class>
      <line num="18" type="method" name="authorize" visibility="public" complexity="1" crap="2" count="0"/>
      <line num="20" type="stmt" count="0"/>
      <line num="28" type="method" name="rules" visibility="public" complexity="1" crap="2" count="0"/>
      <line num="31" type="stmt" count="0"/>
      <line num="40" type="method" name="formatErrors" visibility="protected" complexity="2" crap="6" count="0"/>
      <line num="42" type="stmt" count="0"/>
      <metrics loc="45" ncloc="32" classes="1" methods="3" coveredmethods="0" conditionals="0" coveredconditionals="0" statements="3" coveredstatements="0" elements="6" coveredelements="0"/>
    </file>
    <file name="/Applications/MAMP/htdocs/kiwitech/mbcbackend/app/Http/Requests/RegisterRequest.php">
      <class name="App\Http\Requests\RegisterRequest" namespace="global">
        <metrics complexity="5" methods="4" coveredmethods="0" conditionals="0" coveredconditionals="0" statements="8" coveredstatements="0" elements="12" coveredelements="0"/>
      </class>
      <line num="18" type="method" name="authorize" visibility="public" complexity="1" crap="2" count="0"/>
      <line num="20" type="stmt" count="0"/>
      <line num="28" type="method" name="rules" visibility="public" complexity="1" crap="2" count="0"/>
      <line num="30" type="stmt" count="0"/>
      <line num="31" type="stmt" count="0"/>
      <line num="33" type="stmt" count="0"/>
      <line num="49" type="method" name="formatErrors" visibility="protected" complexity="2" crap="6" count="0"/>
      <line num="51" type="stmt" count="0"/>
      <line num="59" type="method" name="messages" visibility="public" complexity="1" crap="2" count="0"/>
      <line num="62" type="stmt" count="0"/>
      <line num="63" type="stmt" count="0"/>
      <line num="64" type="stmt" count="0"/>
      <metrics loc="68" ncloc="50" classes="1" methods="4" coveredmethods="0" conditionals="0" coveredconditionals="0" statements="8" coveredstatements="0" elements="12" coveredelements="0"/>
    </file>
    <file name="/Applications/MAMP/htdocs/kiwitech/mbcbackend/app/Http/Requests/SaveChatFeedbackRequest.php">
      <class name="App\Http\Requests\SaveChatFeedbackRequest" namespace="global">
        <metrics complexity="4" methods="3" coveredmethods="0" conditionals="0" coveredconditionals="0" statements="5" coveredstatements="0" elements="8" coveredelements="0"/>
      </class>
      <line num="18" type="method" name="authorize" visibility="public" complexity="1" crap="2" count="0"/>
      <line num="20" type="stmt" count="0"/>
      <line num="28" type="method" name="rules" visibility="public" complexity="1" crap="2" count="0"/>
      <line num="30" type="stmt" count="0"/>
      <line num="31" type="stmt" count="0"/>
      <line num="33" type="stmt" count="0"/>
      <line num="42" type="method" name="formatErrors" visibility="protected" complexity="2" crap="6" count="0"/>
      <line num="44" type="stmt" count="0"/>
      <metrics loc="47" ncloc="34" classes="1" methods="3" coveredmethods="0" conditionals="0" coveredconditionals="0" statements="5" coveredstatements="0" elements="8" coveredelements="0"/>
    </file>
    <file name="/Applications/MAMP/htdocs/kiwitech/mbcbackend/app/Http/Requests/SetAttributesRequest.php">
      <class name="App\Http\Requests\SetAttributesRequest" namespace="global">
        <metrics complexity="4" methods="3" coveredmethods="0" conditionals="0" coveredconditionals="0" statements="3" coveredstatements="0" elements="6" coveredelements="0"/>
      </class>
      <line num="18" type="method" name="authorize" visibility="public" complexity="1" crap="2" count="0"/>
      <line num="20" type="stmt" count="0"/>
      <line num="28" type="method" name="rules" visibility="public" complexity="1" crap="2" count="0"/>
      <line num="31" type="stmt" count="0"/>
      <line num="45" type="method" name="formatErrors" visibility="protected" complexity="2" crap="6" count="0"/>
      <line num="47" type="stmt" count="0"/>
      <metrics loc="50" ncloc="37" classes="1" methods="3" coveredmethods="0" conditionals="0" coveredconditionals="0" statements="3" coveredstatements="0" elements="6" coveredelements="0"/>
    </file>
    <file name="/Applications/MAMP/htdocs/kiwitech/mbcbackend/app/Http/Requests/SetGalleryRequest.php">
      <class name="App\Http\Requests\SetGalleryRequest" namespace="global">
        <metrics complexity="5" methods="4" coveredmethods="0" conditionals="0" coveredconditionals="0" statements="4" coveredstatements="0" elements="8" coveredelements="0"/>
      </class>
      <line num="18" type="method" name="authorize" visibility="public" complexity="1" crap="2" count="0"/>
      <line num="20" type="stmt" count="0"/>
      <line num="28" type="method" name="rules" visibility="public" complexity="1" crap="2" count="0"/>
      <line num="31" type="stmt" count="0"/>
      <line num="39" type="method" name="formatErrors" visibility="protected" complexity="2" crap="6" count="0"/>
      <line num="41" type="stmt" count="0"/>
      <line num="49" type="method" name="messages" visibility="public" complexity="1" crap="2" count="0"/>
      <line num="52" type="stmt" count="0"/>
      <metrics loc="56" ncloc="38" classes="1" methods="4" coveredmethods="0" conditionals="0" coveredconditionals="0" statements="4" coveredstatements="0" elements="8" coveredelements="0"/>
    </file>
    <file name="/Applications/MAMP/htdocs/kiwitech/mbcbackend/app/Http/Requests/SetPreferencesRequest.php">
      <class name="App\Http\Requests\SetPreferencesRequest" namespace="global">
        <metrics complexity="4" methods="3" coveredmethods="0" conditionals="0" coveredconditionals="0" statements="3" coveredstatements="0" elements="6" coveredelements="0"/>
      </class>
      <line num="18" type="method" name="authorize" visibility="public" complexity="1" crap="2" count="0"/>
      <line num="20" type="stmt" count="0"/>
      <line num="28" type="method" name="rules" visibility="public" complexity="1" crap="2" count="0"/>
      <line num="31" type="stmt" count="0"/>
      <line num="45" type="method" name="formatErrors" visibility="protected" complexity="2" crap="6" count="0"/>
      <line num="47" type="stmt" count="0"/>
      <metrics loc="50" ncloc="37" classes="1" methods="3" coveredmethods="0" conditionals="0" coveredconditionals="0" statements="3" coveredstatements="0" elements="6" coveredelements="0"/>
    </file>
    <file name="/Applications/MAMP/htdocs/kiwitech/mbcbackend/app/Http/Requests/SubscriptionRequest.php">
      <class name="App\Http\Requests\SubscriptionRequest" namespace="global">
        <metrics complexity="4" methods="3" coveredmethods="0" conditionals="0" coveredconditionals="0" statements="3" coveredstatements="0" elements="6" coveredelements="0"/>
      </class>
      <line num="18" type="method" name="authorize" visibility="public" complexity="1" crap="2" count="0"/>
      <line num="20" type="stmt" count="0"/>
      <line num="28" type="method" name="rules" visibility="public" complexity="1" crap="2" count="0"/>
      <line num="34" type="stmt" count="0"/>
      <line num="44" type="method" name="formatErrors" visibility="protected" complexity="2" crap="6" count="0"/>
      <line num="46" type="stmt" count="0"/>
      <metrics loc="49" ncloc="36" classes="1" methods="3" coveredmethods="0" conditionals="0" coveredconditionals="0" statements="3" coveredstatements="0" elements="6" coveredelements="0"/>
    </file>
    <file name="/Applications/MAMP/htdocs/kiwitech/mbcbackend/app/Http/Requests/UpdateProfilePicRequest.php">
      <class name="App\Http\Requests\UpdateProfilePicRequest" namespace="global">
        <metrics complexity="5" methods="4" coveredmethods="0" conditionals="0" coveredconditionals="0" statements="4" coveredstatements="0" elements="8" coveredelements="0"/>
      </class>
      <line num="18" type="method" name="authorize" visibility="public" complexity="1" crap="2" count="0"/>
      <line num="20" type="stmt" count="0"/>
      <line num="28" type="method" name="rules" visibility="public" complexity="1" crap="2" count="0"/>
      <line num="31" type="stmt" count="0"/>
      <line num="38" type="method" name="formatErrors" visibility="protected" complexity="2" crap="6" count="0"/>
      <line num="40" type="stmt" count="0"/>
      <line num="48" type="method" name="messages" visibility="public" complexity="1" crap="2" count="0"/>
      <line num="51" type="stmt" count="0"/>
      <metrics loc="55" ncloc="37" classes="1" methods="4" coveredmethods="0" conditionals="0" coveredconditionals="0" statements="4" coveredstatements="0" elements="8" coveredelements="0"/>
    </file>
    <file name="/Applications/MAMP/htdocs/kiwitech/mbcbackend/app/Http/Requests/UpdateUserProfileRequest.php">
      <class name="App\Http\Requests\UpdateUserProfileRequest" namespace="global">
        <metrics complexity="4" methods="3" coveredmethods="0" conditionals="0" coveredconditionals="0" statements="3" coveredstatements="0" elements="6" coveredelements="0"/>
      </class>
      <line num="18" type="method" name="authorize" visibility="public" complexity="1" crap="2" count="0"/>
      <line num="20" type="stmt" count="0"/>
      <line num="28" type="method" name="rules" visibility="public" complexity="1" crap="2" count="0"/>
      <line num="31" type="stmt" count="0"/>
      <line num="47" type="method" name="formatErrors" visibility="protected" complexity="2" crap="6" count="0"/>
      <line num="49" type="stmt" count="0"/>
      <metrics loc="52" ncloc="39" classes="1" methods="3" coveredmethods="0" conditionals="0" coveredconditionals="0" statements="3" coveredstatements="0" elements="6" coveredelements="0"/>
    </file>
    <file name="/Applications/MAMP/htdocs/kiwitech/mbcbackend/app/Http/Requests/ValidateOtpRequest.php">
      <class name="App\Http\Requests\ValidateOtpRequest" namespace="global">
        <metrics complexity="5" methods="4" coveredmethods="0" conditionals="0" coveredconditionals="0" statements="4" coveredstatements="0" elements="8" coveredelements="0"/>
      </class>
      <line num="18" type="method" name="authorize" visibility="public" complexity="1" crap="2" count="0"/>
      <line num="20" type="stmt" count="0"/>
      <line num="28" type="method" name="rules" visibility="public" complexity="1" crap="2" count="0"/>
      <line num="31" type="stmt" count="0"/>
      <line num="41" type="method" name="formatErrors" visibility="protected" complexity="2" crap="6" count="0"/>
      <line num="43" type="stmt" count="0"/>
      <line num="51" type="method" name="messages" visibility="public" complexity="1" crap="2" count="0"/>
      <line num="54" type="stmt" count="0"/>
      <metrics loc="58" ncloc="40" classes="1" methods="4" coveredmethods="0" conditionals="0" coveredconditionals="0" statements="4" coveredstatements="0" elements="8" coveredelements="0"/>
    </file>
    <file name="/Applications/MAMP/htdocs/kiwitech/mbcbackend/app/Http/ValidationRule.php">
      <class name="App\Http\ValidationRule" namespace="global">
        <metrics complexity="0" methods="0" coveredmethods="0" conditionals="0" coveredconditionals="0" statements="0" coveredstatements="0" elements="0" coveredelements="0"/>
      </class>
      <metrics loc="57" ncloc="57" classes="0" methods="0" coveredmethods="0" conditionals="0" coveredconditionals="0" statements="0" coveredstatements="0" elements="0" coveredelements="0"/>
    </file>
    <file name="/Applications/MAMP/htdocs/kiwitech/mbcbackend/app/Jobs/FirebaseChatFriend.php">
      <class name="App\Jobs\FirebaseChatFriend" namespace="global">
        <metrics complexity="6" methods="2" coveredmethods="0" conditionals="0" coveredconditionals="0" statements="14" coveredstatements="0" elements="16" coveredelements="0"/>
      </class>
      <line num="30" type="method" name="__construct" visibility="public" complexity="1" crap="2" count="0"/>
      <line num="32" type="stmt" count="0"/>
      <line num="33" type="stmt" count="0"/>
      <line num="34" type="stmt" count="0"/>
      <line num="42" type="method" name="handle" visibility="public" complexity="5" crap="30" count="0"/>
      <line num="44" type="stmt" count="0"/>
      <line num="45" type="stmt" count="0"/>
      <line num="46" type="stmt" count="0"/>
      <line num="47" type="stmt" count="0"/>
      <line num="48" type="stmt" count="0"/>
      <line num="49" type="stmt" count="0"/>
      <line num="50" type="stmt" count="0"/>
      <line num="51" type="stmt" count="0"/>
      <line num="52" type="stmt" count="0"/>
      <line num="53" type="stmt" count="0"/>
      <line num="55" type="stmt" count="0"/>
      <metrics loc="59" ncloc="49" classes="1" methods="2" coveredmethods="0" conditionals="0" coveredconditionals="0" statements="14" coveredstatements="0" elements="16" coveredelements="0"/>
    </file>
    <file name="/Applications/MAMP/htdocs/kiwitech/mbcbackend/app/Jobs/PasswordResetJob.php">
      <class name="App\Jobs\PasswordResetJob" namespace="global">
        <metrics complexity="2" methods="2" coveredmethods="0" conditionals="0" coveredconditionals="0" statements="2" coveredstatements="0" elements="4" coveredelements="0"/>
      </class>
      <line num="25" type="method" name="__construct" visibility="public" complexity="1" crap="2" count="0"/>
      <line num="27" type="stmt" count="0"/>
      <line num="35" type="method" name="handle" visibility="public" complexity="1" crap="2" count="0"/>
      <line num="37" type="stmt" count="0"/>
      <metrics loc="40" ncloc="30" classes="1" methods="2" coveredmethods="0" conditionals="0" coveredconditionals="0" statements="2" coveredstatements="0" elements="4" coveredelements="0"/>
    </file>
    <file name="/Applications/MAMP/htdocs/kiwitech/mbcbackend/app/Jobs/SendEmailVerificationJob.php">
      <class name="App\Jobs\SendEmailVerificationJob" namespace="global">
        <metrics complexity="2" methods="2" coveredmethods="0" conditionals="0" coveredconditionals="0" statements="2" coveredstatements="0" elements="4" coveredelements="0"/>
      </class>
      <line num="23" type="method" name="__construct" visibility="public" complexity="1" crap="2" count="0"/>
      <line num="25" type="stmt" count="0"/>
      <line num="33" type="method" name="handle" visibility="public" complexity="1" crap="2" count="0"/>
      <line num="35" type="stmt" count="0"/>
      <metrics loc="38" ncloc="28" classes="1" methods="2" coveredmethods="0" conditionals="0" coveredconditionals="0" statements="2" coveredstatements="0" elements="4" coveredelements="0"/>
    </file>
    <file name="/Applications/MAMP/htdocs/kiwitech/mbcbackend/app/Jobs/SendProfileMatchJob.php">
      <class name="App\Jobs\SendProfileMatchJob" namespace="global">
        <metrics complexity="5" methods="3" coveredmethods="0" conditionals="0" coveredconditionals="0" statements="16" coveredstatements="0" elements="19" coveredelements="0"/>
      </class>
      <line num="30" type="method" name="__construct" visibility="public" complexity="1" crap="2" count="0"/>
      <line num="32" type="stmt" count="0"/>
      <line num="33" type="stmt" count="0"/>
      <line num="34" type="stmt" count="0"/>
      <line num="35" type="stmt" count="0"/>
      <line num="43" type="method" name="handle" visibility="public" complexity="3" crap="12" count="0"/>
      <line num="45" type="stmt" count="0"/>
      <line num="46" type="stmt" count="0"/>
      <line num="47" type="stmt" count="0"/>
      <line num="48" type="stmt" count="0"/>
      <line num="49" type="stmt" count="0"/>
      <line num="50" type="stmt" count="0"/>
      <line num="51" type="stmt" count="0"/>
      <line num="56" type="method" name="saveProfileMatchNotification" visibility="private" complexity="1" crap="2" count="0"/>
      <line num="57" type="stmt" count="0"/>
      <line num="58" type="stmt" count="0"/>
      <line num="59" type="stmt" count="0"/>
      <line num="61" type="stmt" count="0"/>
      <line num="63" type="stmt" count="0"/>
      <metrics loc="66" ncloc="56" classes="1" methods="3" coveredmethods="0" conditionals="0" coveredconditionals="0" statements="16" coveredstatements="0" elements="19" coveredelements="0"/>
    </file>
    <file name="/Applications/MAMP/htdocs/kiwitech/mbcbackend/app/Jobs/SetLocationJob.php">
      <class name="App\Jobs\SetLocationJob" namespace="global">
        <metrics complexity="3" methods="2" coveredmethods="0" conditionals="0" coveredconditionals="0" statements="8" coveredstatements="0" elements="10" coveredelements="0"/>
      </class>
      <line num="22" type="method" name="__construct" visibility="public" complexity="1" crap="2" count="0"/>
      <line num="24" type="stmt" count="0"/>
      <line num="32" type="method" name="handle" visibility="public" complexity="2" crap="6" count="0"/>
      <line num="34" type="stmt" count="0"/>
      <line num="35" type="stmt" count="0"/>
      <line num="36" type="stmt" count="0"/>
      <line num="38" type="stmt" count="0"/>
      <line num="39" type="stmt" count="0"/>
      <line num="40" type="stmt" count="0"/>
      <line num="41" type="stmt" count="0"/>
      <metrics loc="44" ncloc="34" classes="1" methods="2" coveredmethods="0" conditionals="0" coveredconditionals="0" statements="8" coveredstatements="0" elements="10" coveredelements="0"/>
    </file>
    <file name="/Applications/MAMP/htdocs/kiwitech/mbcbackend/app/Jobs/SubscriptionWillEnd.php">
      <class name="App\Jobs\SubscriptionWillEnd" namespace="global">
        <metrics complexity="4" methods="3" coveredmethods="0" conditionals="0" coveredconditionals="0" statements="16" coveredstatements="0" elements="19" coveredelements="0"/>
      </class>
      <line num="30" type="method" name="__construct" visibility="public" complexity="1" crap="2" count="0"/>
      <line num="32" type="stmt" count="0"/>
      <line num="40" type="method" name="handle" visibility="public" complexity="2" crap="6" count="0"/>
      <line num="42" type="stmt" count="0"/>
      <line num="43" type="stmt" count="0"/>
      <line num="44" type="stmt" count="0"/>
      <line num="45" type="stmt" count="0"/>
      <line num="46" type="stmt" count="0"/>
      <line num="47" type="stmt" count="0"/>
      <line num="48" type="stmt" count="0"/>
      <line num="49" type="stmt" count="0"/>
      <line num="50" type="stmt" count="0"/>
      <line num="51" type="stmt" count="0"/>
      <line num="52" type="stmt" count="0"/>
      <line num="53" type="stmt" count="0"/>
      <line num="54" type="stmt" count="0"/>
      <line num="58" type="method" name="saveNotificationInDB" visibility="private" complexity="1" crap="2" count="0"/>
      <line num="59" type="stmt" count="0"/>
      <line num="66" type="stmt" count="0"/>
      <metrics loc="69" ncloc="59" classes="1" methods="3" coveredmethods="0" conditionals="0" coveredconditionals="0" statements="16" coveredstatements="0" elements="19" coveredelements="0"/>
    </file>
    <file name="/Applications/MAMP/htdocs/kiwitech/mbcbackend/app/Mail/EmailVerifyMail.php">
      <class name="App\Mail\EmailVerifyMail" namespace="global">
        <metrics complexity="2" methods="2" coveredmethods="0" conditionals="0" coveredconditionals="0" statements="2" coveredstatements="0" elements="4" coveredelements="0"/>
      </class>
      <line num="19" type="method" name="__construct" visibility="public" complexity="1" crap="2" count="0"/>
      <line num="21" type="stmt" count="0"/>
      <line num="29" type="method" name="build" visibility="public" complexity="1" crap="2" count="0"/>
      <line num="31" type="stmt" count="0"/>
      <metrics loc="34" ncloc="24" classes="1" methods="2" coveredmethods="0" conditionals="0" coveredconditionals="0" statements="2" coveredstatements="0" elements="4" coveredelements="0"/>
    </file>
    <file name="/Applications/MAMP/htdocs/kiwitech/mbcbackend/app/Mail/PasswordResetMail.php">
      <class name="App\Mail\PasswordResetMail" namespace="global">
        <metrics complexity="2" methods="2" coveredmethods="0" conditionals="0" coveredconditionals="0" statements="3" coveredstatements="0" elements="5" coveredelements="0"/>
      </class>
      <line num="21" type="method" name="__construct" visibility="public" complexity="1" crap="2" count="0"/>
      <line num="23" type="stmt" count="0"/>
      <line num="31" type="method" name="build" visibility="public" complexity="1" crap="2" count="0"/>
      <line num="33" type="stmt" count="0"/>
      <line num="34" type="stmt" count="0"/>
      <metrics loc="38" ncloc="28" classes="1" methods="2" coveredmethods="0" conditionals="0" coveredconditionals="0" statements="3" coveredstatements="0" elements="5" coveredelements="0"/>
    </file>
    <file name="/Applications/MAMP/htdocs/kiwitech/mbcbackend/app/Models/City.php">
      <class name="App\Models\City" namespace="global">
        <metrics complexity="0" methods="0" coveredmethods="0" conditionals="0" coveredconditionals="0" statements="0" coveredstatements="0" elements="0" coveredelements="0"/>
      </class>
      <metrics loc="21" ncloc="16" classes="0" methods="0" coveredmethods="0" conditionals="0" coveredconditionals="0" statements="0" coveredstatements="0" elements="0" coveredelements="0"/>
    </file>
    <file name="/Applications/MAMP/htdocs/kiwitech/mbcbackend/app/Models/DeviceRegistration.php">
      <class name="App\Models\DeviceRegistration" namespace="global">
        <metrics complexity="0" methods="0" coveredmethods="0" conditionals="0" coveredconditionals="0" statements="0" coveredstatements="0" elements="0" coveredelements="0"/>
      </class>
      <metrics loc="20" ncloc="15" classes="0" methods="0" coveredmethods="0" conditionals="0" coveredconditionals="0" statements="0" coveredstatements="0" elements="0" coveredelements="0"/>
    </file>
    <file name="/Applications/MAMP/htdocs/kiwitech/mbcbackend/app/Models/DonerAttribute.php">
      <class name="App\Models\DonerAttribute" namespace="global">
        <metrics complexity="8" methods="8" coveredmethods="0" conditionals="0" coveredconditionals="0" statements="8" coveredstatements="0" elements="16" coveredelements="0"/>
      </class>
      <line num="29" type="method" name="height" visibility="public" complexity="1" crap="2" count="0"/>
      <line num="31" type="stmt" count="0"/>
      <line num="34" type="method" name="race" visibility="public" complexity="1" crap="2" count="0"/>
      <line num="36" type="stmt" count="0"/>
      <line num="39" type="method" name="motherEthnicity" visibility="public" complexity="1" crap="2" count="0"/>
      <line num="41" type="stmt" count="0"/>
[...]
      <line num="121" type="stmt" count="0"/>
      <line num="123" type="stmt" count="0"/>
      <line num="126" type="method" name="getAttributesSetterData" visibility="public" complexity="1" crap="2" count="0"/>
      <line num="128" type="stmt" count="0"/>
      <line num="129" type="stmt" count="0"/>
      <line num="130" type="stmt" count="0"/>
      <line num="131" type="stmt" count="0"/>
      <line num="132" type="stmt" count="0"/>
      <line num="133" type="stmt" count="0"/>
      <line num="134" type="stmt" count="0"/>
      <line num="135" type="stmt" count="0"/>
      <line num="136" type="stmt" count="0"/>
      <line num="139" type="method" name="setAttributes" visibility="public" complexity="3" crap="12" count="0"/>
      <line num="141" type="stmt" count="0"/>
      <line num="142" type="stmt" count="0"/>
      <line num="143" type="stmt" count="0"/>
      <line num="144" type="stmt" count="0"/>
      <line num="146" type="stmt" count="0"/>
      <line num="147" type="stmt" count="0"/>
      <line num="148" type="stmt" count="0"/>
      <line num="149" type="stmt" count="0"/>
      <line num="150" type="stmt" count="0"/>
      <line num="151" type="stmt" count="0"/>
      <line num="152" type="stmt" count="0"/>
      <line num="153" type="stmt" count="0"/>
      <line num="154" type="stmt" count="0"/>
      <line num="155" type="stmt" count="0"/>
      <line num="156" type="stmt" count="0"/>
      <line num="157" type="stmt" count="0"/>
      <line num="159" type="stmt" count="0"/>
      <line num="162" type="method" name="uploadedFilesCountValidation" visibility="public" complexity="6" crap="42" count="0"/>
      <line num="164" type="stmt" count="0"/>
      <line num="165" type="stmt" count="0"/>
      <line num="166" type="stmt" count="0"/>
      <line num="167" type="stmt" count="0"/>
      <line num="168" type="stmt" count="0"/>
      <line num="169" type="stmt" count="0"/>
      <line num="172" type="stmt" count="0"/>
      <line num="175" type="method" name="setGallery" visibility="public" complexity="5" crap="30" count="0"/>
      <line num="177" type="stmt" count="0"/>
      <line num="178" type="stmt" count="0"/>
      <line num="179" type="stmt" count="0"/>
      <line num="180" type="stmt" count="0"/>
      <line num="181" type="stmt" count="0"/>
      <line num="182" type="stmt" count="0"/>
      <line num="183" type="stmt" count="0"/>
      <line num="184" type="stmt" count="0"/>
      <line num="186" type="stmt" count="0"/>
      <line num="189" type="stmt" count="0"/>
      <line num="190" type="stmt" count="0"/>
      <line num="191" type="stmt" count="0"/>
      <line num="192" type="stmt" count="0"/>
      <line num="193" type="stmt" count="0"/>
      <line num="194" type="stmt" count="0"/>
      <line num="197" type="method" name="uploadFile" visibility="public" complexity="1" crap="2" count="0"/>
      <line num="199" type="stmt" count="0"/>
      <line num="200" type="stmt" count="0"/>
      <line num="201" type="stmt" count="0"/>
      <line num="202" type="stmt" count="0"/>
      <line num="203" type="stmt" count="0"/>
      <line num="204" type="stmt" count="0"/>
      <line num="207" type="method" name="deleteGallery" visibility="public" complexity="3" crap="12" count="0"/>
      <line num="209" type="stmt" count="0"/>
      <line num="210" type="stmt" count="0"/>
      <line num="211" type="stmt" count="0"/>
      <line num="212" type="stmt" count="0"/>
      <line num="213" type="stmt" count="0"/>
      <line num="216" type="stmt" count="0"/>
      <line num="219" type="method" name="getPreferencesAgeRangeData" visibility="public" complexity="3" crap="12" count="0"/>
      <line num="221" type="stmt" count="0"/>
      <line num="222" type="stmt" count="0"/>
      <line num="224" type="stmt" count="0"/>
      <line num="228" type="method" name="updateProfilePic" visibility="public" complexity="2" crap="6" count="0"/>
      <line num="230" type="stmt" count="0"/>
      <line num="231" type="stmt" count="0"/>
      <line num="232" type="stmt" count="0"/>
      <line num="233" type="stmt" count="0"/>
      <line num="234" type="stmt" count="0"/>
      <line num="235" type="stmt" count="0"/>
      <line num="236" type="stmt" count="0"/>
      <line num="238" type="stmt" count="0"/>
      <line num="241" type="method" name="getUserProfile" visibility="public" complexity="1" crap="2" count="0"/>
      <line num="243" type="stmt" count="0"/>
      <line num="244" type="stmt" count="0"/>
      <line num="245" type="stmt" count="0"/>
      <line num="247" type="stmt" count="0"/>
      <line num="248" type="stmt" count="0"/>
      <line num="251" type="stmt" count="0"/>
      <line num="252" type="stmt" count="0"/>
      <line num="255" type="method" name="updateUser" visibility="public" complexity="2" crap="6" count="0"/>
      <line num="257" type="stmt" count="0"/>
      <line num="258" type="stmt" count="0"/>
      <line num="259" type="stmt" count="0"/>
      <line num="260" type="stmt" count="0"/>
      <line num="261" type="stmt" count="0"/>
      <line num="263" type="stmt" count="0"/>
      <metrics loc="266" ncloc="265" classes="1" methods="16" coveredmethods="0" conditionals="0" coveredconditionals="0" statements="157" coveredstatements="0" elements="173" coveredelements="0"/>
    </file>
    <file name="/Applications/MAMP/htdocs/kiwitech/mbcbackend/app/Traits/FcmTrait.php">
      <class name="App\Traits\FcmTrait" namespace="global">
        <metrics complexity="2" methods="1" coveredmethods="0" conditionals="0" coveredconditionals="0" statements="22" coveredstatements="0" elements="23" coveredelements="0"/>
      </class>
      <line num="14" type="method" name="sendPush" visibility="public" complexity="2" crap="6" count="0"/>
      <line num="16" type="stmt" count="0"/>
      <line num="17" type="stmt" count="0"/>
      <line num="18" type="stmt" count="0"/>
      <line num="20" type="stmt" count="0"/>
      <line num="21" type="stmt" count="0"/>
      <line num="22" type="stmt" count="0"/>
      <line num="24" type="stmt" count="0"/>
      <line num="25" type="stmt" count="0"/>
      <line num="27" type="stmt" count="0"/>
      <line num="28" type="stmt" count="0"/>
      <line num="29" type="stmt" count="0"/>
      <line num="31" type="stmt" count="0"/>
      <line num="33" type="stmt" count="0"/>
      <line num="34" type="stmt" count="0"/>
      <line num="35" type="stmt" count="0"/>
      <line num="38" type="stmt" count="0"/>
      <line num="41" type="stmt" count="0"/>
      <line num="44" type="stmt" count="0"/>
      <line num="47" type="stmt" count="0"/>
      <line num="49" type="stmt" count="0"/>
      <line num="50" type="stmt" count="0"/>
      <line num="51" type="stmt" count="0"/>
      <metrics loc="54" ncloc="50" classes="1" methods="1" coveredmethods="0" conditionals="0" coveredconditionals="0" statements="22" coveredstatements="0" elements="23" coveredelements="0"/>
    </file>
    <file name="/Applications/MAMP/htdocs/kiwitech/mbcbackend/app/Traits/ParentsToBeMatchedDonerTrait.php">
      <class name="App\Traits\ParentsToBeMatchedDonerTrait" namespace="global">
        <metrics complexity="30" methods="15" coveredmethods="8" conditionals="0" coveredconditionals="0" statements="91" coveredstatements="44" elements="106" coveredelements="52"/>
      </class>
      <line num="15" type="method" name="myMatchedDonars" visibility="public" complexity="1" crap="2" count="0"/>
      <line num="18" type="stmt" count="0"/>
      <line num="19" type="stmt" count="0"/>
      <line num="21" type="stmt" count="0"/>
      <line num="28" type="method" name="getMatchDonars" visibility="private" complexity="1" crap="2" count="0"/>
      <line num="30" type="stmt" count="0"/>
      <line num="31" type="stmt" count="0"/>
      <line num="32" type="stmt" count="0"/>
      <line num="39" type="method" name="setMatchedDonars" visibility="private" complexity="2" crap="6" count="0"/>
      <line num="41" type="stmt" count="0"/>
      <line num="42" type="stmt" count="0"/>
      <line num="43" type="stmt" count="0"/>
      <line num="44" type="stmt" count="0"/>
      <line num="46" type="stmt" count="0"/>
      <line num="55" type="method" name="setData" visibility="private" complexity="1" crap="2" count="0"/>
      <line num="57" type="stmt" count="0"/>
      <line num="58" type="stmt" count="0"/>
      <line num="59" type="stmt" count="0"/>
      <line num="60" type="stmt" count="0"/>
      <line num="61" type="stmt" count="0"/>
      <line num="62" type="stmt" count="0"/>
      <line num="63" type="stmt" count="0"/>
      <line num="64" type="stmt" count="0"/>
      <line num="65" type="stmt" count="0"/>
      <line num="66" type="stmt" count="0"/>
      <line num="67" type="stmt" count="0"/>
      <line num="68" type="stmt" count="0"/>
      <line num="69" type="stmt" count="0"/>
      <line num="70" type="stmt" count="0"/>
      <line num="71" type="stmt" count="0"/>
      <line num="78" type="method" name="getDonarList" visibility="private" complexity="1" crap="2" count="0"/>
      <line num="80" type="stmt" count="0"/>
      <line num="81" type="stmt" count="0"/>
      <line num="82" type="stmt" count="0"/>
      <line num="83" type="stmt" count="0"/>
      <line num="84" type="stmt" count="0"/>
      <line num="85" type="stmt" count="0"/>
      <line num="86" type="stmt" count="0"/>
      <line num="87" type="stmt" count="0"/>
      <line num="88" type="stmt" count="0"/>
      <line num="96" type="method" name="getLocationValue" visibility="private" complexity="2" crap="2" count="1"/>
      <line num="98" type="stmt" count="1"/>
      <line num="99" type="stmt" count="1"/>
      <line num="100" type="stmt" count="1"/>
      <line num="101" type="stmt" count="1"/>
      <line num="103" type="stmt" count="1"/>
      <line num="111" type="method" name="getAgeValue" visibility="private" complexity="4" crap="4" count="1"/>
      <line num="113" type="stmt" count="1"/>
      <line num="114" type="stmt" count="1"/>
      <line num="115" type="stmt" count="1"/>
      <line num="116" type="stmt" count="1"/>
      <line num="117" type="stmt" count="1"/>
      <line num="118" type="stmt" count="1"/>
      <line num="119" type="stmt" count="1"/>
      <line num="122" type="stmt" count="1"/>
      <line num="130" type="method" name="getRaceValue" visibility="private" complexity="2" crap="2" count="1"/>
      <line num="132" type="stmt" count="1"/>
      <line num="133" type="stmt" count="1"/>
      <line num="134" type="stmt" count="1"/>
      <line num="135" type="stmt" count="1"/>
      <line num="137" type="stmt" count="1"/>
      <line num="146" type="method" name="getEthnicityValue" visibility="private" complexity="3" crap="3" count="1"/>
      <line num="148" type="stmt" count="1"/>
      <line num="149" type="stmt" count="1"/>
      <line num="150" type="stmt" count="1"/>
      <line num="151" type="stmt" count="1"/>
      <line num="153" type="stmt" count="1"/>
      <line num="155" type="stmt" count="1"/>
      <line num="163" type="method" name="getHeightValue" visibility="private" complexity="3" crap="3" count="1"/>
      <line num="165" type="stmt" count="1"/>
      <line num="166" type="stmt" count="1"/>
      <line num="167" type="stmt" count="1"/>
      <line num="168" type="stmt" count="1"/>
      <line num="170" type="stmt" count="1"/>
      <line num="178" type="method" name="getHairColourValue" visibility="private" complexity="2" crap="2" count="1"/>
      <line num="180" type="stmt" count="1"/>
      <line num="181" type="stmt" count="1"/>
      <line num="182" type="stmt" count="1"/>
      <line num="183" type="stmt" count="1"/>
      <line num="185" type="stmt" count="1"/>
      <line num="193" type="method" name="getEyeColourValue" visibility="private" complexity="2" crap="2" count="1"/>
      <line num="195" type="stmt" count="1"/>
      <line num="196" type="stmt" count="1"/>
      <line num="197" type="stmt" count="1"/>
      <line num="198" type="stmt" count="1"/>
      <line num="200" type="stmt" count="1"/>
      <line num="208" type="method" name="getEducationValue" visibility="private" complexity="2" crap="2" count="1"/>
      <line num="210" type="stmt" count="1"/>
      <line num="211" type="stmt" count="1"/>
      <line num="212" type="stmt" count="1"/>
      <line num="213" type="stmt" count="1"/>
      <line num="215" type="stmt" count="1"/>
      <line num="223" type="method" name="getMatchValue" visibility="private" complexity="1" crap="2" count="0"/>
      <line num="225" type="stmt" count="0"/>
      <line num="226" type="stmt" count="0"/>
      <line num="227" type="stmt" count="0"/>
      <line num="228" type="stmt" count="0"/>
      <line num="229" type="stmt" count="0"/>
      <line num="230" type="stmt" count="0"/>
      <line num="231" type="stmt" count="0"/>
      <line num="232" type="stmt" count="0"/>
      <line num="233" type="stmt" count="0"/>
      <line num="241" type="method" name="sortDataByMatchValue" visibility="private" complexity="3" crap="12" count="0"/>
      <line num="243" type="stmt" count="0"/>
      <line num="244" type="stmt" count="0"/>
      <line num="246" type="stmt" count="0"/>
      <metrics loc="249" ncloc="180" classes="1" methods="15" coveredmethods="8" conditionals="0" coveredconditionals="0" statements="91" coveredstatements="44" elements="106" coveredelements="52"/>
    </file>
    <file name="/Applications/MAMP/htdocs/kiwitech/mbcbackend/app/Traits/SetterDataTrait.php">
      <class name="App\Traits\setterDataTrait" namespace="global">
        <metrics complexity="11" methods="11" coveredmethods="0" conditionals="0" coveredconditionals="0" statements="11" coveredstatements="0" elements="22" coveredelements="0"/>
      </class>
      <line num="20" type="method" name="getGenderData" visibility="private" complexity="1" crap="2" count="0"/>
      <line num="22" type="stmt" count="0"/>
      <line num="25" type="method" name="getRelationshipStatusData" visibility="private" complexity="1" crap="2" count="0"/>
      <line num="27" type="stmt" count="0"/>
      <line num="30" type="method" name="getSexualOrientationData" visibility="private" complexity="1" crap="2" count="0"/>
      <line num="32" type="stmt" count="0"/>
      <line num="35" type="method" name="getEthnicityData" visibility="private" complexity="1" crap="2" count="0"/>
      <line num="37" type="stmt" count="0"/>
      <line num="40" type="method" name="getEyeColourData" visibility="private" complexity="1" crap="2" count="0"/>
      <line num="42" type="stmt" count="0"/>
      <line num="45" type="method" name="getHairColourData" visibility="private" complexity="1" crap="2" count="0"/>
      <line num="47" type="stmt" count="0"/>
      <line num="50" type="method" name="getRaceData" visibility="private" complexity="1" crap="2" count="0"/>
      <line num="52" type="stmt" count="0"/>
      <line num="55" type="method" name="getHeightData" visibility="private" complexity="1" crap="2" count="0"/>
      <line num="57" type="stmt" count="0"/>
      <line num="60" type="method" name="getWeightData" visibility="private" complexity="1" crap="2" count="0"/>
      <line num="62" type="stmt" count="0"/>
      <line num="65" type="method" name="getEducationData" visibility="private" complexity="1" crap="2" count="0"/>
      <line num="67" type="stmt" count="0"/>
      <line num="70" type="method" name="getRoleData" visibility="private" complexity="1" crap="2" count="0"/>
      <line num="72" type="stmt" count="0"/>
      <metrics loc="75" ncloc="75" classes="1" methods="11" coveredmethods="0" conditionals="0" coveredconditionals="0" statements="11" coveredstatements="0" elements="22" coveredelements="0"/>
    </file>
    <file name="/Applications/MAMP/htdocs/kiwitech/mbcbackend/app/Traits/StoreReceiptTrait.php">
      <class name="App\Traits\StoreReceiptTrait" namespace="global">
        <metrics complexity="13" methods="3" coveredmethods="0" conditionals="0" coveredconditionals="0" statements="67" coveredstatements="0" elements="70" coveredelements="0"/>
      </class>
      <line num="12" type="method" name="playStore" visibility="public" complexity="3" crap="12" count="0"/>
      <line num="15" type="stmt" count="0"/>
      <line num="17" type="stmt" count="0"/>
      <line num="18" type="stmt" count="0"/>
      <line num="19" type="stmt" count="0"/>
      <line num="20" type="stmt" count="0"/>
      <line num="21" type="stmt" count="0"/>
      <line num="22" type="stmt" count="0"/>
      <line num="23" type="stmt" count="0"/>
      <line num="24" type="stmt" count="0"/>
      <line num="26" type="stmt" count="0"/>
      <line num="28" type="stmt" count="0"/>
      <line num="29" type="stmt" count="0"/>
      <line num="30" type="stmt" count="0"/>
      <line num="31" type="stmt" count="0"/>
      <line num="32" type="stmt" count="0"/>
      <line num="33" type="stmt" count="0"/>
      <line num="34" type="stmt" count="0"/>
      <line num="36" type="stmt" count="0"/>
      <line num="37" type="stmt" count="0"/>
      <line num="40" type="stmt" count="0"/>
      <line num="41" type="stmt" count="0"/>
      <line num="43" type="stmt" count="0"/>
      <line num="44" type="stmt" count="0"/>
      <line num="49" type="method" name="iTunes" visibility="public" complexity="7" crap="56" count="0"/>
      <line num="51" type="stmt" count="0"/>
      <line num="53" type="stmt" count="0"/>
      <line num="55" type="stmt" count="0"/>
      <line num="56" type="stmt" count="0"/>
      <line num="57" type="stmt" count="0"/>
      <line num="58" type="stmt" count="0"/>
      <line num="59" type="stmt" count="0"/>
      <line num="62" type="stmt" count="0"/>
      <line num="63" type="stmt" count="0"/>
      <line num="64" type="stmt" count="0"/>
      <line num="65" type="stmt" count="0"/>
      <line num="66" type="stmt" count="0"/>
      <line num="67" type="stmt" count="0"/>
      <line num="68" type="stmt" count="0"/>
      <line num="69" type="stmt" count="0"/>
      <line num="70" type="stmt" count="0"/>
      <line num="72" type="stmt" count="0"/>
      <line num="73" type="stmt" count="0"/>
      <line num="77" type="stmt" count="0"/>
      <line num="78" type="stmt" count="0"/>
      <line num="80" type="stmt" count="0"/>
      <line num="81" type="stmt" count="0"/>
      <line num="82" type="stmt" count="0"/>
      <line num="86" type="method" name="playStoreServiceAccount" visibility="public" complexity="3" crap="12" count="0"/>
      <line num="88" type="stmt" count="0"/>
      <line num="89" type="stmt" count="0"/>
      <line num="90" type="stmt" count="0"/>
      <line num="91" type="stmt" count="0"/>
      <line num="92" type="stmt" count="0"/>
      <line num="93" type="stmt" count="0"/>
      <line num="94" type="stmt" count="0"/>
      <line num="96" type="stmt" count="0"/>
      <line num="97" type="stmt" count="0"/>
      <line num="100" type="stmt" count="0"/>
      <line num="101" type="stmt" count="0"/>
      <line num="102" type="stmt" count="0"/>
      <line num="103" type="stmt" count="0"/>
      <line num="104" type="stmt" count="0"/>
      <line num="105" type="stmt" count="0"/>
      <line num="106" type="stmt" count="0"/>
      <line num="109" type="stmt" count="0"/>
      <line num="112" type="stmt" count="0"/>
      <line num="113" type="stmt" count="0"/>
      <line num="116" type="stmt" count="0"/>
      <line num="119" type="stmt" count="0"/>
      <metrics loc="122" ncloc="113" classes="1" methods="3" coveredmethods="0" conditionals="0" coveredconditionals="0" statements="67" coveredstatements="0" elements="70" coveredelements="0"/>
    </file>
    <metrics files="111" loc="7510" ncloc="4838" classes="78" methods="276" coveredmethods="13" conditionals="0" coveredconditionals="0" statements="1411" coveredstatements="69" elements="1687" coveredelements="82"/>
  </project>
</coverage>
